{'dataset': 'citeseer', 'model': 'gcn', 'learning_rate': 0.01, 'epochs': 400, 'hidden1': 16, 'dropout': 0.0, 'weight_decay': 0.0005, 'early_stopping': 400, 'max_degree': 3, 'epsilon': 0.01, 'epsilon_graph': 0.01, 'num_power_iterations': 1, 'xi': 1e-06, 'alpha': 0.001, 'beta': 0.5, 'mask_vat': False, 'reload': False, 'model_path': './model/vat/cora/model', 'model_save_path': './model/vat/cora/model', 'num_neighbors': 2}
(3327, 3327)
Epoch: 0001 tr_obj= 1.8017 tr_acc= 0.1417 tr_loss= 1.7920 tr_l2= 19.3549 tr_vat= 0.000000 tr_gat= 0.000001
Epoch: 0001 va_obj= 1.7967 va_acc= 0.4420 va_loss= 1.7899 va_l2= 13.5743 va_vat= -0.000000 va_gat= 0.000003
Epoch: 0001 te_obj= 1.79655 te_acc= 0.46200 te_loss= 1.78976 te_l2= 13.57429 te_vat= -0.000000 te_vat= 0.000003
------- time= 1.75727 ------
Epoch: 0002 tr_obj= 1.7929 tr_acc= 0.8250 tr_loss= 1.7861 tr_l2= 13.5743 tr_vat= -0.000000 tr_gat= 0.000003
Epoch: 0002 va_obj= 1.7925 va_acc= 0.5400 va_loss= 1.7867 va_l2= 11.6090 va_vat= 0.000000 va_gat= 0.000027
Epoch: 0002 te_obj= 1.79222 te_acc= 0.55900 te_loss= 1.78640 te_l2= 11.60896 te_vat= -0.000000 te_vat= 0.000027
------- time= 1.17335 ------
Epoch: 0003 tr_obj= 1.7843 tr_acc= 0.8417 tr_loss= 1.7785 tr_l2= 11.6090 tr_vat= -0.000000 tr_gat= 0.000027
Epoch: 0003 va_obj= 1.7899 va_acc= 0.5560 va_loss= 1.7834 va_l2= 12.9646 va_vat= 0.000000 va_gat= 0.000094
Epoch: 0003 te_obj= 1.78959 te_acc= 0.56900 te_loss= 1.78307 te_l2= 12.96458 te_vat= 0.000000 te_vat= 0.000094
------- time= 1.18285 ------
Epoch: 0004 tr_obj= 1.7760 tr_acc= 0.8667 tr_loss= 1.7695 tr_l2= 12.9646 tr_vat= 0.000000 tr_gat= 0.000101
Epoch: 0004 va_obj= 1.7885 va_acc= 0.5640 va_loss= 1.7800 va_l2= 16.8333 va_vat= 0.000000 va_gat= 0.000222
Epoch: 0004 te_obj= 1.78812 te_acc= 0.58100 te_loss= 1.77959 te_l2= 16.83330 te_vat= -0.000000 te_vat= 0.000222
------- time= 1.17839 ------
Epoch: 0005 tr_obj= 1.7682 tr_acc= 0.8917 tr_loss= 1.7597 tr_l2= 16.8333 tr_vat= 0.000000 tr_gat= 0.000221
Epoch: 0005 va_obj= 1.7878 va_acc= 0.5600 va_loss= 1.7763 va_l2= 22.5071 va_vat= 0.000000 va_gat= 0.000394
Epoch: 0005 te_obj= 1.78726 te_acc= 0.59000 te_loss= 1.77581 te_l2= 22.50709 te_vat= 0.000000 te_vat= 0.000394
------- time= 1.16273 ------
Epoch: 0006 tr_obj= 1.7605 tr_acc= 0.9417 tr_loss= 1.7491 tr_l2= 22.5071 tr_vat= 0.000000 tr_gat= 0.000380
Epoch: 0006 va_obj= 1.7874 va_acc= 0.5700 va_loss= 1.7724 va_l2= 29.4427 va_vat= -0.000000 va_gat= 0.000598
Epoch: 0006 te_obj= 1.78677 te_acc= 0.59800 te_loss= 1.77175 te_l2= 29.44271 te_vat= 0.000000 te_vat= 0.000598
------- time= 1.16535 ------
Epoch: 0007 tr_obj= 1.7530 tr_acc= 0.9417 tr_loss= 1.7380 tr_l2= 29.4427 tr_vat= 0.000000 tr_gat= 0.000602
Epoch: 0007 va_obj= 1.7873 va_acc= 0.5800 va_loss= 1.7683 va_l2= 37.2019 va_vat= -0.000000 va_gat= 0.000872
Epoch: 0007 te_obj= 1.78649 te_acc= 0.59800 te_loss= 1.76746 te_l2= 37.20186 te_vat= -0.000000 te_vat= 0.000872
------- time= 1.18591 ------
Epoch: 0008 tr_obj= 1.7454 tr_acc= 0.9417 tr_loss= 1.7264 tr_l2= 37.2019 tr_vat= -0.000000 tr_gat= 0.000892
Epoch: 0008 va_obj= 1.7873 va_acc= 0.5740 va_loss= 1.7640 va_l2= 45.5050 va_vat= -0.000000 va_gat= 0.001224
Epoch: 0008 te_obj= 1.78635 te_acc= 0.60000 te_loss= 1.76298 te_l2= 45.50500 te_vat= -0.000000 te_vat= 0.001224
------- time= 1.16545 ------
Epoch: 0009 tr_obj= 1.7377 tr_acc= 0.9417 tr_loss= 1.7144 tr_l2= 45.5050 tr_vat= -0.000000 tr_gat= 0.001225
Epoch: 0009 va_obj= 1.7875 va_acc= 0.5740 va_loss= 1.7596 va_l2= 54.1984 va_vat= 0.000000 va_gat= 0.001611
Epoch: 0009 te_obj= 1.78630 te_acc= 0.60000 te_loss= 1.75839 te_l2= 54.19838 te_vat= -0.000000 te_vat= 0.001611
------- time= 1.16242 ------
Epoch: 0010 tr_obj= 1.7300 tr_acc= 0.9417 tr_loss= 1.7021 tr_l2= 54.1984 tr_vat= -0.000000 tr_gat= 0.001610
Epoch: 0010 va_obj= 1.7877 va_acc= 0.5840 va_loss= 1.7551 va_l2= 63.2073 va_vat= 0.000000 va_gat= 0.002050
Epoch: 0010 te_obj= 1.78633 te_acc= 0.60400 te_loss= 1.75370 te_l2= 63.20730 te_vat= 0.000000 te_vat= 0.002050
------- time= 1.14982 ------
Epoch: 0011 tr_obj= 1.7221 tr_acc= 0.9417 tr_loss= 1.6895 tr_l2= 63.2073 tr_vat= 0.000000 tr_gat= 0.001937
Epoch: 0011 va_obj= 1.7880 va_acc= 0.5840 va_loss= 1.7506 va_l2= 72.4521 va_vat= -0.000000 va_gat= 0.002407
Epoch: 0011 te_obj= 1.78639 te_acc= 0.60400 te_loss= 1.74896 te_l2= 72.45215 te_vat= -0.000000 te_vat= 0.002407
------- time= 1.15878 ------
Epoch: 0012 tr_obj= 1.7142 tr_acc= 0.9417 tr_loss= 1.6767 tr_l2= 72.4521 tr_vat= -0.000000 tr_gat= 0.002548
Epoch: 0012 va_obj= 1.7885 va_acc= 0.5860 va_loss= 1.7460 va_l2= 81.9256 va_vat= 0.000000 va_gat= 0.003101
Epoch: 0012 te_obj= 1.78664 te_acc= 0.60800 te_loss= 1.74413 te_l2= 81.92564 te_vat= -0.000000 te_vat= 0.003101
------- time= 1.18568 ------
Epoch: 0013 tr_obj= 1.7062 tr_acc= 0.9417 tr_loss= 1.6637 tr_l2= 81.9256 tr_vat= 0.000000 tr_gat= 0.003131
Epoch: 0013 va_obj= 1.7891 va_acc= 0.5820 va_loss= 1.7414 va_l2= 91.6294 va_vat= 0.000000 va_gat= 0.003748
Epoch: 0013 te_obj= 1.78685 te_acc= 0.60900 te_loss= 1.73916 te_l2= 91.62938 te_vat= 0.000000 te_vat= 0.003748
------- time= 1.16695 ------
Epoch: 0014 tr_obj= 1.6980 tr_acc= 0.9333 tr_loss= 1.6504 tr_l2= 91.6294 tr_vat= 0.000000 tr_gat= 0.003629
Epoch: 0014 va_obj= 1.7895 va_acc= 0.5820 va_loss= 1.7366 va_l2= 101.5117 va_vat= 0.000000 va_gat= 0.004280
Epoch: 0014 te_obj= 1.78693 te_acc= 0.61100 te_loss= 1.73403 te_l2= 101.51173 te_vat= -0.000000 te_vat= 0.004280
------- time= 1.15217 ------
Epoch: 0015 tr_obj= 1.6897 tr_acc= 0.9333 tr_loss= 1.6368 tr_l2= 101.5117 tr_vat= -0.000000 tr_gat= 0.004297
Epoch: 0015 va_obj= 1.7899 va_acc= 0.5840 va_loss= 1.7316 va_l2= 111.5320 va_vat= 0.000000 va_gat= 0.005016
Epoch: 0015 te_obj= 1.78701 te_acc= 0.61000 te_loss= 1.72874 te_l2= 111.53196 te_vat= -0.000000 te_vat= 0.005016
------- time= 1.19064 ------
Epoch: 0016 tr_obj= 1.6812 tr_acc= 0.9333 tr_loss= 1.6230 tr_l2= 111.5320 tr_vat= -0.000000 tr_gat= 0.004977
Epoch: 0016 va_obj= 1.7902 va_acc= 0.5880 va_loss= 1.7265 va_l2= 121.6663 va_vat= 0.000000 va_gat= 0.005754
Epoch: 0016 te_obj= 1.78694 te_acc= 0.61500 te_loss= 1.72323 te_l2= 121.66625 te_vat= 0.000000 te_vat= 0.005754
------- time= 1.17057 ------
Epoch: 0017 tr_obj= 1.6727 tr_acc= 0.9333 tr_loss= 1.6089 tr_l2= 121.6663 tr_vat= 0.000000 tr_gat= 0.005943
Epoch: 0017 va_obj= 1.7905 va_acc= 0.5900 va_loss= 1.7211 va_l2= 131.9039 va_vat= -0.000000 va_gat= 0.006819
Epoch: 0017 te_obj= 1.78691 te_acc= 0.61900 te_loss= 1.71755 te_l2= 131.90393 te_vat= -0.000000 te_vat= 0.006819
------- time= 1.16895 ------
Epoch: 0018 tr_obj= 1.6638 tr_acc= 0.9333 tr_loss= 1.5946 tr_l2= 131.9039 tr_vat= -0.000000 tr_gat= 0.006556
Epoch: 0018 va_obj= 1.7905 va_acc= 0.5920 va_loss= 1.7157 va_l2= 142.2221 va_vat= -0.000000 va_gat= 0.007461
Epoch: 0018 te_obj= 1.78655 te_acc= 0.61800 te_loss= 1.71171 te_l2= 142.22206 te_vat= 0.000000 te_vat= 0.007461
------- time= 1.15540 ------
Epoch: 0019 tr_obj= 1.6550 tr_acc= 0.9333 tr_loss= 1.5800 tr_l2= 142.2221 tr_vat= -0.000000 tr_gat= 0.007693
Epoch: 0019 va_obj= 1.7907 va_acc= 0.5920 va_loss= 1.7100 va_l2= 152.6346 va_vat= -0.000000 va_gat= 0.008699
Epoch: 0019 te_obj= 1.78634 te_acc= 0.61900 te_loss= 1.70567 te_l2= 152.63460 te_vat= 0.000000 te_vat= 0.008699
------- time= 1.16057 ------
Epoch: 0020 tr_obj= 1.6457 tr_acc= 0.9333 tr_loss= 1.5651 tr_l2= 152.6346 tr_vat= 0.000000 tr_gat= 0.008518
Epoch: 0020 va_obj= 1.7906 va_acc= 0.5980 va_loss= 1.7042 va_l2= 163.1469 va_vat= -0.000000 va_gat= 0.009607
Epoch: 0020 te_obj= 1.78585 te_acc= 0.62000 te_loss= 1.69948 te_l2= 163.14690 te_vat= -0.000000 te_vat= 0.009607
------- time= 1.17273 ------
Epoch: 0021 tr_obj= 1.6365 tr_acc= 0.9333 tr_loss= 1.5500 tr_l2= 163.1469 tr_vat= 0.000000 tr_gat= 0.009801
Epoch: 0021 va_obj= 1.7907 va_acc= 0.5960 va_loss= 1.6983 va_l2= 173.8286 va_vat= 0.000000 va_gat= 0.010965
Epoch: 0021 te_obj= 1.78551 te_acc= 0.61900 te_loss= 1.69311 te_l2= 173.82857 te_vat= 0.000000 te_vat= 0.010965
------- time= 1.16443 ------
Epoch: 0022 tr_obj= 1.6268 tr_acc= 0.9333 tr_loss= 1.5346 tr_l2= 173.8286 tr_vat= -0.000000 tr_gat= 0.010673
Epoch: 0022 va_obj= 1.7904 va_acc= 0.5960 va_loss= 1.6922 va_l2= 184.6819 va_vat= 0.000000 va_gat= 0.011884
Epoch: 0022 te_obj= 1.78482 te_acc= 0.61800 te_loss= 1.68653 te_l2= 184.68190 te_vat= 0.000000 te_vat= 0.011884
------- time= 1.15551 ------
Epoch: 0023 tr_obj= 1.6174 tr_acc= 0.9333 tr_loss= 1.5188 tr_l2= 184.6819 tr_vat= 0.000000 tr_gat= 0.012326
Epoch: 0023 va_obj= 1.7905 va_acc= 0.6060 va_loss= 1.6858 va_l2= 195.7086 va_vat= -0.000000 va_gat= 0.013709
Epoch: 0023 te_obj= 1.78446 te_acc= 0.61900 te_loss= 1.67975 te_l2= 195.70859 te_vat= 0.000000 te_vat= 0.013709
------- time= 1.16477 ------
Epoch: 0024 tr_obj= 1.6074 tr_acc= 0.9333 tr_loss= 1.5029 tr_l2= 195.7086 tr_vat= 0.000000 tr_gat= 0.013450
Epoch: 0024 va_obj= 1.7902 va_acc= 0.6060 va_loss= 1.6793 va_l2= 206.9199 va_vat= -0.000000 va_gat= 0.014887
Epoch: 0024 te_obj= 1.78370 te_acc= 0.62100 te_loss= 1.67280 te_l2= 206.91988 te_vat= -0.000000 te_vat= 0.014887
------- time= 1.16738 ------
Epoch: 0025 tr_obj= 1.5976 tr_acc= 0.9333 tr_loss= 1.4866 tr_l2= 206.9199 tr_vat= -0.000000 tr_gat= 0.015042
Epoch: 0025 va_obj= 1.7901 va_acc= 0.6060 va_loss= 1.6727 va_l2= 218.3134 va_vat= 0.000000 va_gat= 0.016577
Epoch: 0025 te_obj= 1.78309 te_acc= 0.62400 te_loss= 1.66565 te_l2= 218.31343 te_vat= 0.000000 te_vat= 0.016577
------- time= 1.15710 ------
Epoch: 0026 tr_obj= 1.5874 tr_acc= 0.9333 tr_loss= 1.4700 tr_l2= 218.3134 tr_vat= 0.000000 tr_gat= 0.016484
Epoch: 0026 va_obj= 1.7899 va_acc= 0.6100 va_loss= 1.6659 va_l2= 229.8870 va_vat= 0.000000 va_gat= 0.018132
Epoch: 0026 te_obj= 1.78239 te_acc= 0.62600 te_loss= 1.65838 te_l2= 229.88699 te_vat= 0.000000 te_vat= 0.018132
------- time= 1.16689 ------
Epoch: 0027 tr_obj= 1.5770 tr_acc= 0.9417 tr_loss= 1.4531 tr_l2= 229.8870 tr_vat= 0.000000 tr_gat= 0.017863
Epoch: 0027 va_obj= 1.7895 va_acc= 0.6160 va_loss= 1.6589 va_l2= 241.6665 va_vat= 0.000000 va_gat= 0.019619
Epoch: 0027 te_obj= 1.78153 te_acc= 0.63100 te_loss= 1.65089 te_l2= 241.66655 te_vat= 0.000000 te_vat= 0.019619
------- time= 1.15179 ------
Epoch: 0028 tr_obj= 1.5665 tr_acc= 0.9417 tr_loss= 1.4361 tr_l2= 241.6665 tr_vat= 0.000000 tr_gat= 0.019249
Epoch: 0028 va_obj= 1.7891 va_acc= 0.6180 va_loss= 1.6518 va_l2= 253.5475 va_vat= 0.000000 va_gat= 0.021080
Epoch: 0028 te_obj= 1.78057 te_acc= 0.63400 te_loss= 1.64325 te_l2= 253.54750 te_vat= 0.000000 te_vat= 0.021080
------- time= 1.15165 ------
Epoch: 0029 tr_obj= 1.5563 tr_acc= 0.9417 tr_loss= 1.4187 tr_l2= 253.5475 tr_vat= 0.000000 tr_gat= 0.021493
Epoch: 0029 va_obj= 1.7890 va_acc= 0.6200 va_loss= 1.6444 va_l2= 265.5880 va_vat= 0.000000 va_gat= 0.023476
Epoch: 0029 te_obj= 1.77992 te_acc= 0.63600 te_loss= 1.63539 te_l2= 265.58801 te_vat= 0.000000 te_vat= 0.023476
------- time= 1.15294 ------
Epoch: 0030 tr_obj= 1.5460 tr_acc= 0.9417 tr_loss= 1.4012 tr_l2= 265.5880 tr_vat= 0.000000 tr_gat= 0.023923
Epoch: 0030 va_obj= 1.7888 va_acc= 0.6300 va_loss= 1.6369 va_l2= 277.7312 va_vat= 0.000000 va_gat= 0.026080
Epoch: 0030 te_obj= 1.77922 te_acc= 0.63700 te_loss= 1.62732 te_l2= 277.73117 te_vat= 0.000000 te_vat= 0.026080
------- time= 1.15809 ------
Epoch: 0031 tr_obj= 1.5351 tr_acc= 0.9417 tr_loss= 1.3835 tr_l2= 277.7312 tr_vat= 0.000000 tr_gat= 0.025602
Epoch: 0031 va_obj= 1.7881 va_acc= 0.6300 va_loss= 1.6293 va_l2= 289.9584 va_vat= 0.000000 va_gat= 0.027794
Epoch: 0031 te_obj= 1.77800 te_acc= 0.63700 te_loss= 1.61912 te_l2= 289.95844 te_vat= 0.000000 te_vat= 0.027794
------- time= 1.15856 ------
Epoch: 0032 tr_obj= 1.5249 tr_acc= 0.9583 tr_loss= 1.3656 tr_l2= 289.9584 tr_vat= 0.000000 tr_gat= 0.028749
Epoch: 0032 va_obj= 1.7882 va_acc= 0.6360 va_loss= 1.6215 va_l2= 302.2400 va_vat= 0.000000 va_gat= 0.031130
Epoch: 0032 te_obj= 1.77751 te_acc= 0.64100 te_loss= 1.61083 te_l2= 302.24002 te_vat= 0.000000 te_vat= 0.031130
------- time= 1.17230 ------
Epoch: 0033 tr_obj= 1.5140 tr_acc= 0.9500 tr_loss= 1.3476 tr_l2= 302.2400 tr_vat= 0.000000 tr_gat= 0.030546
Epoch: 0033 va_obj= 1.7874 va_acc= 0.6400 va_loss= 1.6136 va_l2= 314.5460 va_vat= 0.000000 va_gat= 0.032995
Epoch: 0033 te_obj= 1.77618 te_acc= 0.64300 te_loss= 1.60241 te_l2= 314.54596 te_vat= 0.000000 te_vat= 0.032995
------- time= 1.15608 ------
Epoch: 0034 tr_obj= 1.5030 tr_acc= 0.9500 tr_loss= 1.3295 tr_l2= 314.5460 tr_vat= 0.000000 tr_gat= 0.032463
Epoch: 0034 va_obj= 1.7866 va_acc= 0.6420 va_loss= 1.6056 va_l2= 326.9189 va_vat= 0.000000 va_gat= 0.035036
Epoch: 0034 te_obj= 1.77480 te_acc= 0.64400 te_loss= 1.59382 te_l2= 326.91888 te_vat= 0.000000 te_vat= 0.035036
------- time= 1.16153 ------
Epoch: 0035 tr_obj= 1.4922 tr_acc= 0.9583 tr_loss= 1.3112 tr_l2= 326.9189 tr_vat= 0.000000 tr_gat= 0.034981
Epoch: 0035 va_obj= 1.7859 va_acc= 0.6460 va_loss= 1.5974 va_l2= 339.3361 va_vat= 0.000000 va_gat= 0.037668
Epoch: 0035 te_obj= 1.77356 te_acc= 0.64700 te_loss= 1.58506 te_l2= 339.33612 te_vat= 0.000000 te_vat= 0.037668
------- time= 1.15106 ------
Epoch: 0036 tr_obj= 1.4818 tr_acc= 0.9583 tr_loss= 1.2929 tr_l2= 339.3361 tr_vat= 0.000000 tr_gat= 0.038550
Epoch: 0036 va_obj= 1.7856 va_acc= 0.6480 va_loss= 1.5890 va_l2= 351.7099 va_vat= 0.000000 va_gat= 0.041447
Epoch: 0036 te_obj= 1.77278 te_acc= 0.65500 te_loss= 1.57620 te_l2= 351.70993 te_vat= 0.000000 te_vat= 0.041447
------- time= 1.15942 ------
Epoch: 0037 tr_obj= 1.4707 tr_acc= 0.9583 tr_loss= 1.2745 tr_l2= 351.7099 tr_vat= 0.000000 tr_gat= 0.040711
Epoch: 0037 va_obj= 1.7843 va_acc= 0.6500 va_loss= 1.5805 va_l2= 364.0128 va_vat= 0.000000 va_gat= 0.043628
Epoch: 0037 te_obj= 1.77099 te_acc= 0.65700 te_loss= 1.56717 te_l2= 364.01282 te_vat= 0.000000 te_vat= 0.043628
------- time= 1.14635 ------
Epoch: 0038 tr_obj= 1.4599 tr_acc= 0.9583 tr_loss= 1.2561 tr_l2= 364.0128 tr_vat= 0.000000 tr_gat= 0.043491
Epoch: 0038 va_obj= 1.7833 va_acc= 0.6560 va_loss= 1.5719 va_l2= 376.1998 va_vat= 0.000000 va_gat= 0.046509
Epoch: 0038 te_obj= 1.76943 te_acc= 0.65800 te_loss= 1.55808 te_l2= 376.19980 te_vat= 0.000000 te_vat= 0.046509
------- time= 1.15760 ------
Epoch: 0039 tr_obj= 1.4493 tr_acc= 0.9583 tr_loss= 1.2378 tr_l2= 376.1998 tr_vat= 0.000000 tr_gat= 0.046728
Epoch: 0039 va_obj= 1.7824 va_acc= 0.6560 va_loss= 1.5633 va_l2= 388.2857 va_vat= 0.000000 va_gat= 0.049814
Epoch: 0039 te_obj= 1.76797 te_acc= 0.66400 te_loss= 1.54892 te_l2= 388.28574 te_vat= 0.000000 te_vat= 0.049814
------- time= 1.17218 ------
Epoch: 0040 tr_obj= 1.4385 tr_acc= 0.9583 tr_loss= 1.2195 tr_l2= 388.2857 tr_vat= 0.000000 tr_gat= 0.049704
Epoch: 0040 va_obj= 1.7811 va_acc= 0.6600 va_loss= 1.5544 va_l2= 400.2774 va_vat= 0.000000 va_gat= 0.053017
Epoch: 0040 te_obj= 1.76619 te_acc= 0.66500 te_loss= 1.53954 te_l2= 400.27737 te_vat= 0.000000 te_vat= 0.053017
------- time= 1.17740 ------
Epoch: 0041 tr_obj= 1.4277 tr_acc= 0.9583 tr_loss= 1.2013 tr_l2= 400.2774 tr_vat= 0.000000 tr_gat= 0.052485
Epoch: 0041 va_obj= 1.7795 va_acc= 0.6580 va_loss= 1.5455 va_l2= 412.2195 va_vat= 0.000000 va_gat= 0.055795
Epoch: 0041 te_obj= 1.76406 te_acc= 0.66600 te_loss= 1.53006 te_l2= 412.21951 te_vat= 0.000000 te_vat= 0.055795
------- time= 1.15577 ------
Epoch: 0042 tr_obj= 1.4170 tr_acc= 0.9583 tr_loss= 1.1832 tr_l2= 412.2195 tr_vat= 0.000000 tr_gat= 0.055443
Epoch: 0042 va_obj= 1.7779 va_acc= 0.6620 va_loss= 1.5365 va_l2= 424.0815 va_vat= 0.000000 va_gat= 0.058810
Epoch: 0042 te_obj= 1.76198 te_acc= 0.66600 te_loss= 1.52053 te_l2= 424.08145 te_vat= 0.000000 te_vat= 0.058810
------- time= 1.15241 ------
Epoch: 0043 tr_obj= 1.4079 tr_acc= 0.9500 tr_loss= 1.1650 tr_l2= 424.0815 tr_vat= 0.000000 tr_gat= 0.061711
Epoch: 0043 va_obj= 1.7779 va_acc= 0.6600 va_loss= 1.5274 va_l2= 435.7586 va_vat= 0.000000 va_gat= 0.065386
Epoch: 0043 te_obj= 1.76150 te_acc= 0.66600 te_loss= 1.51093 te_l2= 435.75861 te_vat= 0.000000 te_vat= 0.065386
------- time= 1.15609 ------
Epoch: 0044 tr_obj= 1.3973 tr_acc= 0.9500 tr_loss= 1.1470 tr_l2= 435.7586 tr_vat= 0.000000 tr_gat= 0.064846
Epoch: 0044 va_obj= 1.7761 va_acc= 0.6600 va_loss= 1.5182 va_l2= 447.1967 va_vat= 0.000000 va_gat= 0.068517
Epoch: 0044 te_obj= 1.75918 te_acc= 0.66500 te_loss= 1.50132 te_l2= 447.19672 te_vat= 0.000000 te_vat= 0.068517
------- time= 1.16568 ------
Epoch: 0045 tr_obj= 1.3865 tr_acc= 0.9500 tr_loss= 1.1292 tr_l2= 447.1967 tr_vat= 0.000000 tr_gat= 0.067306
Epoch: 0045 va_obj= 1.7738 va_acc= 0.6620 va_loss= 1.5090 va_l2= 458.5461 va_vat= 0.000000 va_gat= 0.071022
Epoch: 0045 te_obj= 1.75636 te_acc= 0.66800 te_loss= 1.49157 te_l2= 458.54614 te_vat= 0.000000 te_vat= 0.071022
------- time= 1.15986 ------
Epoch: 0046 tr_obj= 1.3770 tr_acc= 0.9500 tr_loss= 1.1115 tr_l2= 458.5461 tr_vat= 0.000000 tr_gat= 0.072313
Epoch: 0046 va_obj= 1.7725 va_acc= 0.6620 va_loss= 1.4996 va_l2= 469.6344 va_vat= 0.000000 va_gat= 0.076222
Epoch: 0046 te_obj= 1.75472 te_acc= 0.67200 te_loss= 1.48179 te_l2= 469.63443 te_vat= 0.000000 te_vat= 0.076222
------- time= 1.15651 ------
Epoch: 0047 tr_obj= 1.3661 tr_acc= 0.9500 tr_loss= 1.0941 tr_l2= 469.6344 tr_vat= 0.000000 tr_gat= 0.074340
Epoch: 0047 va_obj= 1.7697 va_acc= 0.6640 va_loss= 1.4903 va_l2= 480.5515 va_vat= 0.000000 va_gat= 0.078198
Epoch: 0047 te_obj= 1.75143 te_acc= 0.67200 te_loss= 1.47205 te_l2= 480.55148 te_vat= 0.000000 te_vat= 0.078198
------- time= 1.16850 ------
Epoch: 0048 tr_obj= 1.3558 tr_acc= 0.9500 tr_loss= 1.0767 tr_l2= 480.5515 tr_vat= 0.000000 tr_gat= 0.077567
Epoch: 0048 va_obj= 1.7674 va_acc= 0.6680 va_loss= 1.4811 va_l2= 491.2230 va_vat= 0.000000 va_gat= 0.081423
Epoch: 0048 te_obj= 1.74875 te_acc= 0.67100 te_loss= 1.46243 te_l2= 491.22302 te_vat= 0.000000 te_vat= 0.081423
------- time= 1.15981 ------
Epoch: 0049 tr_obj= 1.3454 tr_acc= 0.9500 tr_loss= 1.0596 tr_l2= 491.2230 tr_vat= 0.000000 tr_gat= 0.080367
Epoch: 0049 va_obj= 1.7648 va_acc= 0.6700 va_loss= 1.4718 va_l2= 501.6576 va_vat= 0.000000 va_gat= 0.084390
Epoch: 0049 te_obj= 1.74584 te_acc= 0.67400 te_loss= 1.45281 te_l2= 501.65762 te_vat= 0.000000 te_vat= 0.084390
------- time= 1.16832 ------
Epoch: 0050 tr_obj= 1.3368 tr_acc= 0.9417 tr_loss= 1.0427 tr_l2= 501.6576 tr_vat= 0.000000 tr_gat= 0.086575
Epoch: 0050 va_obj= 1.7636 va_acc= 0.6740 va_loss= 1.4623 va_l2= 511.9451 va_vat= 0.000000 va_gat= 0.090678
Epoch: 0050 te_obj= 1.74428 te_acc= 0.67800 te_loss= 1.44297 te_l2= 511.94507 te_vat= 0.000000 te_vat= 0.090678
------- time= 1.21981 ------
Epoch: 0051 tr_obj= 1.3267 tr_acc= 0.9417 tr_loss= 1.0259 tr_l2= 511.9451 tr_vat= 0.000000 tr_gat= 0.089523
Epoch: 0051 va_obj= 1.7608 va_acc= 0.6740 va_loss= 1.4529 va_l2= 522.0171 va_vat= 0.000000 va_gat= 0.093644
Epoch: 0051 te_obj= 1.74098 te_acc= 0.67900 te_loss= 1.43315 te_l2= 522.01709 te_vat= 0.000000 te_vat= 0.093644
------- time= 1.15993 ------
Epoch: 0052 tr_obj= 1.3179 tr_acc= 0.9417 tr_loss= 1.0094 tr_l2= 522.0171 tr_vat= 0.000000 tr_gat= 0.094943
Epoch: 0052 va_obj= 1.7592 va_acc= 0.6720 va_loss= 1.4438 va_l2= 531.7768 va_vat= 0.000000 va_gat= 0.099100
Epoch: 0052 te_obj= 1.73894 te_acc= 0.67900 te_loss= 1.42350 te_l2= 531.77679 te_vat= 0.000000 te_vat= 0.099100
------- time= 1.16586 ------
Epoch: 0053 tr_obj= 1.3101 tr_acc= 0.9500 tr_loss= 0.9933 tr_l2= 531.7768 tr_vat= 0.000000 tr_gat= 0.101910
Epoch: 0053 va_obj= 1.7582 va_acc= 0.6740 va_loss= 1.4344 va_l2= 541.3370 va_vat= 0.000000 va_gat= 0.106439
Epoch: 0053 te_obj= 1.73761 te_acc= 0.68200 te_loss= 1.41372 te_l2= 541.33704 te_vat= 0.000000 te_vat= 0.106439
------- time= 1.14522 ------
Epoch: 0054 tr_obj= 1.2995 tr_acc= 0.9500 tr_loss= 0.9773 tr_l2= 541.3370 tr_vat= 0.000000 tr_gat= 0.103094
Epoch: 0054 va_obj= 1.7538 va_acc= 0.6780 va_loss= 1.4248 va_l2= 550.6041 va_vat= 0.000000 va_gat= 0.107475
Epoch: 0054 te_obj= 1.73290 te_acc= 0.68300 te_loss= 1.40387 te_l2= 550.60406 te_vat= 0.000000 te_vat= 0.107475
------- time= 1.16079 ------
Epoch: 0055 tr_obj= 1.2916 tr_acc= 0.9500 tr_loss= 0.9616 tr_l2= 550.6041 tr_vat= 0.000000 tr_gat= 0.109421
Epoch: 0055 va_obj= 1.7518 va_acc= 0.6800 va_loss= 1.4151 va_l2= 559.5695 va_vat= 0.000000 va_gat= 0.113891
Epoch: 0055 te_obj= 1.73068 te_acc= 0.68700 te_loss= 1.39395 te_l2= 559.56946 te_vat= 0.000000 te_vat= 0.113891
------- time= 1.15003 ------
Epoch: 0056 tr_obj= 1.2822 tr_acc= 0.9500 tr_loss= 0.9462 tr_l2= 559.5695 tr_vat= 0.000000 tr_gat= 0.112455
Epoch: 0056 va_obj= 1.7482 va_acc= 0.6840 va_loss= 1.4056 va_l2= 568.3088 va_vat= 0.000000 va_gat= 0.116797
Epoch: 0056 te_obj= 1.72674 te_acc= 0.68800 te_loss= 1.38419 te_l2= 568.30884 te_vat= 0.000000 te_vat= 0.116797
------- time= 1.15420 ------
Epoch: 0057 tr_obj= 1.2750 tr_acc= 0.9500 tr_loss= 0.9311 tr_l2= 568.3088 tr_vat= 0.000000 tr_gat= 0.119414
Epoch: 0057 va_obj= 1.7468 va_acc= 0.6840 va_loss= 1.3964 va_l2= 576.6911 va_vat= 0.000000 va_gat= 0.124076
Epoch: 0057 te_obj= 1.72504 te_acc= 0.68900 te_loss= 1.37466 te_l2= 576.69110 te_vat= 0.000000 te_vat= 0.124076
------- time= 1.14898 ------
Epoch: 0058 tr_obj= 1.2638 tr_acc= 0.9500 tr_loss= 0.9163 tr_l2= 576.6911 tr_vat= 0.000000 tr_gat= 0.118178
Epoch: 0058 va_obj= 1.7409 va_acc= 0.6880 va_loss= 1.3872 va_l2= 584.8611 va_vat= 0.000000 va_gat= 0.122506
Epoch: 0058 te_obj= 1.71879 te_acc= 0.69300 te_loss= 1.36511 te_l2= 584.86108 te_vat= 0.000000 te_vat= 0.122506
------- time= 1.15296 ------
Epoch: 0059 tr_obj= 1.2573 tr_acc= 0.9500 tr_loss= 0.9018 tr_l2= 584.8611 tr_vat= 0.000000 tr_gat= 0.126180
Epoch: 0059 va_obj= 1.7398 va_acc= 0.6900 va_loss= 1.3780 va_l2= 592.7570 va_vat= 0.000000 va_gat= 0.130741
Epoch: 0059 te_obj= 1.71742 te_acc= 0.69800 te_loss= 1.35567 te_l2= 592.75696 te_vat= 0.000000 te_vat= 0.130741
------- time= 1.18005 ------
Epoch: 0060 tr_obj= 1.2499 tr_acc= 0.9500 tr_loss= 0.8876 tr_l2= 592.7570 tr_vat= 0.000000 tr_gat= 0.131819
Epoch: 0060 va_obj= 1.7372 va_acc= 0.6900 va_loss= 1.3688 va_l2= 600.4900 va_vat= 0.000000 va_gat= 0.136432
Epoch: 0060 te_obj= 1.71469 te_acc= 0.69900 te_loss= 1.34623 te_l2= 600.48999 te_vat= 0.000000 te_vat= 0.136432
------- time= 1.15061 ------
Epoch: 0061 tr_obj= 1.2397 tr_acc= 0.9500 tr_loss= 0.8736 tr_l2= 600.4900 tr_vat= 0.000000 tr_gat= 0.131770
Epoch: 0061 va_obj= 1.7319 va_acc= 0.6960 va_loss= 1.3598 va_l2= 607.8340 va_vat= 0.000000 va_gat= 0.136414
Epoch: 0061 te_obj= 1.70919 te_acc= 0.70100 te_loss= 1.33707 te_l2= 607.83398 te_vat= 0.000000 te_vat= 0.136414
------- time= 1.14903 ------
Epoch: 0062 tr_obj= 1.2340 tr_acc= 0.9583 tr_loss= 0.8599 tr_l2= 607.8340 tr_vat= 0.000000 tr_gat= 0.140339
Epoch: 0062 va_obj= 1.7308 va_acc= 0.7000 va_loss= 1.3508 va_l2= 614.8923 va_vat= 0.000000 va_gat= 0.144972
Epoch: 0062 te_obj= 1.70794 te_acc= 0.70100 te_loss= 1.32800 te_l2= 614.89233 te_vat= 0.000000 te_vat= 0.144972
------- time= 1.16211 ------
Epoch: 0063 tr_obj= 1.2250 tr_acc= 0.9583 tr_loss= 0.8466 tr_l2= 614.8923 tr_vat= 0.000000 tr_gat= 0.141980
Epoch: 0063 va_obj= 1.7261 va_acc= 0.7020 va_loss= 1.3420 va_l2= 621.6436 va_vat= 0.000000 va_gat= 0.146647
Epoch: 0063 te_obj= 1.70310 te_acc= 0.70300 te_loss= 1.31895 te_l2= 621.64362 te_vat= 0.000000 te_vat= 0.146647
------- time= 1.16326 ------
Epoch: 0064 tr_obj= 1.2179 tr_acc= 0.9583 tr_loss= 0.8337 tr_l2= 621.6436 tr_vat= 0.000000 tr_gat= 0.146726
Epoch: 0064 va_obj= 1.7226 va_acc= 0.7040 va_loss= 1.3331 va_l2= 628.2111 va_vat= 0.000001 va_gat= 0.150960
Epoch: 0064 te_obj= 1.69952 te_acc= 0.70500 te_loss= 1.30994 te_l2= 628.21112 te_vat= 0.000000 te_vat= 0.150960
------- time= 1.17603 ------
Epoch: 0065 tr_obj= 1.2095 tr_acc= 0.9583 tr_loss= 0.8209 tr_l2= 628.2111 tr_vat= 0.000000 tr_gat= 0.148981
Epoch: 0065 va_obj= 1.7181 va_acc= 0.7080 va_loss= 1.3241 va_l2= 634.6603 va_vat= 0.000001 va_gat= 0.153366
Epoch: 0065 te_obj= 1.69500 te_acc= 0.70700 te_loss= 1.30099 te_l2= 634.66034 te_vat= 0.000001 te_vat= 0.153366
------- time= 1.16894 ------
Epoch: 0066 tr_obj= 1.2060 tr_acc= 0.9583 tr_loss= 0.8084 tr_l2= 634.6603 tr_vat= 0.000001 tr_gat= 0.160606
Epoch: 0066 va_obj= 1.7180 va_acc= 0.7100 va_loss= 1.3150 va_l2= 640.8754 va_vat= 0.000001 va_gat= 0.165141
Epoch: 0066 te_obj= 1.69500 te_acc= 0.70700 te_loss= 1.29200 te_l2= 640.87537 te_vat= 0.000001 te_vat= 0.165141
------- time= 1.16154 ------
Epoch: 0067 tr_obj= 1.1960 tr_acc= 0.9583 tr_loss= 0.7962 tr_l2= 640.8754 tr_vat= 0.000001 tr_gat= 0.158805
Epoch: 0067 va_obj= 1.7113 va_acc= 0.7140 va_loss= 1.3063 va_l2= 646.9000 va_vat= 0.000001 va_gat= 0.163143
Epoch: 0067 te_obj= 1.68831 te_acc= 0.70900 te_loss= 1.28329 te_l2= 646.90002 te_vat= 0.000001 te_vat= 0.163143
------- time= 1.15902 ------
Epoch: 0068 tr_obj= 1.1913 tr_acc= 0.9667 tr_loss= 0.7843 tr_l2= 646.9000 tr_vat= 0.000001 tr_gat= 0.167028
Epoch: 0068 va_obj= 1.7099 va_acc= 0.7120 va_loss= 1.2979 va_l2= 652.5986 va_vat= 0.000001 va_gat= 0.171477
Epoch: 0068 te_obj= 1.68668 te_acc= 0.70800 te_loss= 1.27464 te_l2= 652.59857 te_vat= 0.000001 te_vat= 0.171477
------- time= 1.16124 ------
Epoch: 0069 tr_obj= 1.1832 tr_acc= 0.9667 tr_loss= 0.7727 tr_l2= 652.5986 tr_vat= 0.000001 tr_gat= 0.168509
Epoch: 0069 va_obj= 1.7049 va_acc= 0.7140 va_loss= 1.2894 va_l2= 658.0846 va_vat= 0.000001 va_gat= 0.172925
Epoch: 0069 te_obj= 1.68155 te_acc= 0.70800 te_loss= 1.26604 te_l2= 658.08459 te_vat= 0.000001 te_vat= 0.172925
------- time= 1.15275 ------
Epoch: 0070 tr_obj= 1.1790 tr_acc= 0.9667 tr_loss= 0.7613 tr_l2= 658.0846 tr_vat= 0.000001 tr_gat= 0.177367
Epoch: 0070 va_obj= 1.7036 va_acc= 0.7120 va_loss= 1.2812 va_l2= 663.2261 va_vat= 0.000001 va_gat= 0.181675
Epoch: 0070 te_obj= 1.68019 te_acc= 0.70800 te_loss= 1.25774 te_l2= 663.22607 te_vat= 0.000001 te_vat= 0.181675
------- time= 1.17182 ------
Epoch: 0071 tr_obj= 1.1720 tr_acc= 0.9667 tr_loss= 0.7503 tr_l2= 663.2261 tr_vat= 0.000001 tr_gat= 0.180226
Epoch: 0071 va_obj= 1.6995 va_acc= 0.7120 va_loss= 1.2730 va_l2= 668.1561 va_vat= 0.000001 va_gat= 0.184808
Epoch: 0071 te_obj= 1.67604 te_acc= 0.70800 te_loss= 1.24956 te_l2= 668.15613 te_vat= 0.000001 te_vat= 0.184808
------- time= 1.17466 ------
Epoch: 0072 tr_obj= 1.1672 tr_acc= 0.9667 tr_loss= 0.7397 tr_l2= 668.1561 tr_vat= 0.000001 tr_gat= 0.186754
Epoch: 0072 va_obj= 1.6968 va_acc= 0.7120 va_loss= 1.2648 va_l2= 672.8894 va_vat= 0.000001 va_gat= 0.191191
Epoch: 0072 te_obj= 1.67340 te_acc= 0.70400 te_loss= 1.24136 te_l2= 672.88940 te_vat= 0.000001 te_vat= 0.191191
------- time= 1.15120 ------
Epoch: 0073 tr_obj= 1.1616 tr_acc= 0.9667 tr_loss= 0.7294 tr_l2= 672.8894 tr_vat= 0.000001 tr_gat= 0.191479
Epoch: 0073 va_obj= 1.6935 va_acc= 0.7140 va_loss= 1.2569 va_l2= 677.5837 va_vat= 0.000001 va_gat= 0.195625
Epoch: 0073 te_obj= 1.67005 te_acc= 0.70600 te_loss= 1.23344 te_l2= 677.58368 te_vat= 0.000001 te_vat= 0.195625
------- time= 1.16356 ------
Epoch: 0074 tr_obj= 1.1534 tr_acc= 0.9667 tr_loss= 0.7192 tr_l2= 677.5837 tr_vat= 0.000001 tr_gat= 0.190828
Epoch: 0074 va_obj= 1.6875 va_acc= 0.7180 va_loss= 1.2489 va_l2= 682.1148 va_vat= 0.000001 va_gat= 0.195016
Epoch: 0074 te_obj= 1.66400 te_acc= 0.70600 te_loss= 1.22543 te_l2= 682.11481 te_vat= 0.000001 te_vat= 0.195016
------- time= 1.16580 ------
Epoch: 0075 tr_obj= 1.1509 tr_acc= 0.9667 tr_loss= 0.7091 tr_l2= 682.1148 tr_vat= 0.000001 tr_gat= 0.201528
Epoch: 0075 va_obj= 1.6869 va_acc= 0.7180 va_loss= 1.2409 va_l2= 686.2440 va_vat= 0.000001 va_gat= 0.205662
Epoch: 0075 te_obj= 1.66337 te_acc= 0.70500 te_loss= 1.21742 te_l2= 686.24402 te_vat= 0.000001 te_vat= 0.205662
------- time= 1.15937 ------
Epoch: 0076 tr_obj= 1.1423 tr_acc= 0.9667 tr_loss= 0.6995 tr_l2= 686.2440 tr_vat= 0.000001 tr_gat= 0.199253
Epoch: 0076 va_obj= 1.6800 va_acc= 0.7180 va_loss= 1.2333 va_l2= 690.2191 va_vat= 0.000001 va_gat= 0.203320
Epoch: 0076 te_obj= 1.65656 te_acc= 0.70700 te_loss= 1.20979 te_l2= 690.21906 te_vat= 0.000001 te_vat= 0.203320
------- time= 1.14958 ------
Epoch: 0077 tr_obj= 1.1383 tr_acc= 0.9667 tr_loss= 0.6901 tr_l2= 690.2191 tr_vat= 0.000001 tr_gat= 0.206170
Epoch: 0077 va_obj= 1.6780 va_acc= 0.7160 va_loss= 1.2259 va_l2= 693.9944 va_vat= 0.000001 va_gat= 0.210222
Epoch: 0077 te_obj= 1.65426 te_acc= 0.70600 te_loss= 1.20215 te_l2= 693.99438 te_vat= 0.000001 te_vat= 0.210222
------- time= 1.13471 ------
Epoch: 0078 tr_obj= 1.1333 tr_acc= 0.9667 tr_loss= 0.6811 tr_l2= 693.9944 tr_vat= 0.000001 tr_gat= 0.210433
Epoch: 0078 va_obj= 1.6745 va_acc= 0.7140 va_loss= 1.2186 va_l2= 697.5335 va_vat= 0.000001 va_gat= 0.214369
Epoch: 0078 te_obj= 1.65055 te_acc= 0.70600 te_loss= 1.19459 te_l2= 697.53351 te_vat= 0.000001 te_vat= 0.214369
------- time= 1.15426 ------
Epoch: 0079 tr_obj= 1.1252 tr_acc= 0.9667 tr_loss= 0.6723 tr_l2= 697.5335 tr_vat= 0.000001 tr_gat= 0.208328
Epoch: 0079 va_obj= 1.6680 va_acc= 0.7140 va_loss= 1.2115 va_l2= 700.8593 va_vat= 0.000001 va_gat= 0.212174
Epoch: 0079 te_obj= 1.64370 te_acc= 0.70700 te_loss= 1.18718 te_l2= 700.85925 te_vat= 0.000001 te_vat= 0.212174
------- time= 1.17538 ------
Epoch: 0080 tr_obj= 1.1230 tr_acc= 0.9667 tr_loss= 0.6637 tr_l2= 700.8593 tr_vat= 0.000001 tr_gat= 0.217798
Epoch: 0080 va_obj= 1.6676 va_acc= 0.7140 va_loss= 1.2048 va_l2= 704.0468 va_vat= 0.000001 va_gat= 0.221630
Epoch: 0080 te_obj= 1.64295 te_acc= 0.70900 te_loss= 1.18011 te_l2= 704.04675 te_vat= 0.000001 te_vat= 0.221630
------- time= 1.16387 ------
Epoch: 0081 tr_obj= 1.1166 tr_acc= 0.9667 tr_loss= 0.6553 tr_l2= 704.0468 tr_vat= 0.000001 tr_gat= 0.218517
Epoch: 0081 va_obj= 1.6629 va_acc= 0.7140 va_loss= 1.1982 va_l2= 707.2029 va_vat= 0.000001 va_gat= 0.222182
Epoch: 0081 te_obj= 1.63812 te_acc= 0.71100 te_loss= 1.17342 te_l2= 707.20288 te_vat= 0.000001 te_vat= 0.222182
------- time= 1.16033 ------
Epoch: 0082 tr_obj= 1.1135 tr_acc= 0.9667 tr_loss= 0.6472 tr_l2= 707.2029 tr_vat= 0.000001 tr_gat= 0.225439
Epoch: 0082 va_obj= 1.6612 va_acc= 0.7140 va_loss= 1.1915 va_l2= 710.2054 va_vat= 0.000001 va_gat= 0.229332
Epoch: 0082 te_obj= 1.63633 te_acc= 0.71400 te_loss= 1.16656 te_l2= 710.20538 te_vat= 0.000001 te_vat= 0.229332
------- time= 1.15087 ------
Epoch: 0083 tr_obj= 1.1107 tr_acc= 0.9667 tr_loss= 0.6393 tr_l2= 710.2054 tr_vat= 0.000001 tr_gat= 0.232702
Epoch: 0083 va_obj= 1.6597 va_acc= 0.7120 va_loss= 1.1849 va_l2= 713.1005 va_vat= 0.000001 va_gat= 0.236364
Epoch: 0083 te_obj= 1.63468 te_acc= 0.71400 te_loss= 1.15994 te_l2= 713.10046 te_vat= 0.000001 te_vat= 0.236364
------- time= 1.17339 ------
Epoch: 0084 tr_obj= 1.1052 tr_acc= 0.9667 tr_loss= 0.6316 tr_l2= 713.1005 tr_vat= 0.000001 tr_gat= 0.234087
Epoch: 0084 va_obj= 1.6549 va_acc= 0.7140 va_loss= 1.1781 va_l2= 715.9788 va_vat= 0.000001 va_gat= 0.237772
Epoch: 0084 te_obj= 1.62980 te_acc= 0.71500 te_loss= 1.15293 te_l2= 715.97882 te_vat= 0.000002 te_vat= 0.237772
------- time= 1.15690 ------
Epoch: 0085 tr_obj= 1.1001 tr_acc= 0.9667 tr_loss= 0.6241 tr_l2= 715.9788 tr_vat= 0.000002 tr_gat= 0.236121
Epoch: 0085 va_obj= 1.6506 va_acc= 0.7160 va_loss= 1.1712 va_l2= 718.7908 va_vat= 0.000002 va_gat= 0.239985
Epoch: 0085 te_obj= 1.62541 te_acc= 0.71500 te_loss= 1.14602 te_l2= 718.79077 te_vat= 0.000002 te_vat= 0.239985
------- time= 1.15928 ------
Epoch: 0086 tr_obj= 1.0979 tr_acc= 0.9667 tr_loss= 0.6166 tr_l2= 718.7908 tr_vat= 0.000001 tr_gat= 0.243681
Epoch: 0086 va_obj= 1.6489 va_acc= 0.7180 va_loss= 1.1646 va_l2= 721.4031 va_vat= 0.000002 va_gat= 0.247286
Epoch: 0086 te_obj= 1.62383 te_acc= 0.71600 te_loss= 1.13948 te_l2= 721.40308 te_vat= 0.000002 te_vat= 0.247286
------- time= 1.15063 ------
Epoch: 0087 tr_obj= 1.0942 tr_acc= 0.9667 tr_loss= 0.6096 tr_l2= 721.4031 tr_vat= 0.000002 tr_gat= 0.247930
Epoch: 0087 va_obj= 1.6452 va_acc= 0.7160 va_loss= 1.1576 va_l2= 723.9047 va_vat= 0.000002 va_gat= 0.251263
Epoch: 0087 te_obj= 1.62029 te_acc= 0.71600 te_loss= 1.13270 te_l2= 723.90472 te_vat= 0.000002 te_vat= 0.251263
------- time= 1.14280 ------
Epoch: 0088 tr_obj= 1.0903 tr_acc= 0.9667 tr_loss= 0.6025 tr_l2= 723.9047 tr_vat= 0.000002 tr_gat= 0.251638
Epoch: 0088 va_obj= 1.6416 va_acc= 0.7180 va_loss= 1.1508 va_l2= 726.3716 va_vat= 0.000002 va_gat= 0.255186
Epoch: 0088 te_obj= 1.61677 te_acc= 0.71700 te_loss= 1.12599 te_l2= 726.37158 te_vat= 0.000002 te_vat= 0.255186
------- time= 1.18424 ------
Epoch: 0089 tr_obj= 1.0836 tr_acc= 0.9667 tr_loss= 0.5956 tr_l2= 726.3716 tr_vat= 0.000002 tr_gat= 0.249612
Epoch: 0089 va_obj= 1.6354 va_acc= 0.7200 va_loss= 1.1445 va_l2= 728.8632 va_vat= 0.000002 va_gat= 0.253059
Epoch: 0089 te_obj= 1.61064 te_acc= 0.72000 te_loss= 1.11968 te_l2= 728.86316 te_vat= 0.000002 te_vat= 0.253059
------- time= 1.17262 ------
Epoch: 0090 tr_obj= 1.0796 tr_acc= 0.9667 tr_loss= 0.5887 tr_l2= 728.8632 tr_vat= 0.000002 tr_gat= 0.252997
Epoch: 0090 va_obj= 1.6319 va_acc= 0.7240 va_loss= 1.1381 va_l2= 731.2670 va_vat= 0.000002 va_gat= 0.256308
Epoch: 0090 te_obj= 1.60721 te_acc= 0.72000 te_loss= 1.11342 te_l2= 731.26697 te_vat= 0.000002 te_vat= 0.256308
------- time= 1.16058 ------
Epoch: 0091 tr_obj= 1.0747 tr_acc= 0.9667 tr_loss= 0.5818 tr_l2= 731.2670 tr_vat= 0.000002 tr_gat= 0.254501
Epoch: 0091 va_obj= 1.6277 va_acc= 0.7240 va_loss= 1.1321 va_l2= 733.4154 va_vat= 0.000002 va_gat= 0.257777
Epoch: 0091 te_obj= 1.60320 te_acc= 0.72100 te_loss= 1.10760 te_l2= 733.41541 te_vat= 0.000002 te_vat= 0.257777
------- time= 1.17136 ------
Epoch: 0092 tr_obj= 1.0716 tr_acc= 0.9667 tr_loss= 0.5754 tr_l2= 733.4154 tr_vat= 0.000002 tr_gat= 0.258889
Epoch: 0092 va_obj= 1.6252 va_acc= 0.7200 va_loss= 1.1266 va_l2= 735.3451 va_vat= 0.000002 va_gat= 0.261912
Epoch: 0092 te_obj= 1.60053 te_acc= 0.71800 te_loss= 1.10190 te_l2= 735.34509 te_vat= 0.000002 te_vat= 0.261912
------- time= 1.17205 ------
Epoch: 0093 tr_obj= 1.0745 tr_acc= 0.9667 tr_loss= 0.5690 tr_l2= 735.3451 tr_vat= 0.000002 tr_gat= 0.275606
Epoch: 0093 va_obj= 1.6289 va_acc= 0.7180 va_loss= 1.1209 va_l2= 737.1833 va_vat= 0.000002 va_gat= 0.278753
Epoch: 0093 te_obj= 1.60407 te_acc= 0.71800 te_loss= 1.09610 te_l2= 737.18329 te_vat= 0.000002 te_vat= 0.278753
------- time= 1.17218 ------
Epoch: 0094 tr_obj= 1.0624 tr_acc= 0.9667 tr_loss= 0.5630 tr_l2= 737.1833 tr_vat= 0.000002 tr_gat= 0.261571
Epoch: 0094 va_obj= 1.6172 va_acc= 0.7180 va_loss= 1.1155 va_l2= 738.8732 va_vat= 0.000002 va_gat= 0.264469
Epoch: 0094 te_obj= 1.59218 te_acc= 0.71700 te_loss= 1.09051 te_l2= 738.87317 te_vat= 0.000002 te_vat= 0.264469
------- time= 1.14359 ------
Epoch: 0095 tr_obj= 1.0630 tr_acc= 0.9667 tr_loss= 0.5571 tr_l2= 738.8732 tr_vat= 0.000002 tr_gat= 0.272823
Epoch: 0095 va_obj= 1.6181 va_acc= 0.7180 va_loss= 1.1099 va_l2= 740.6282 va_vat= 0.000002 va_gat= 0.275772
Epoch: 0095 te_obj= 1.59307 te_acc= 0.71700 te_loss= 1.08487 te_l2= 740.62823 te_vat= 0.000002 te_vat= 0.275772
------- time= 1.15848 ------
Epoch: 0096 tr_obj= 1.0578 tr_acc= 0.9667 tr_loss= 0.5513 tr_l2= 740.6282 tr_vat= 0.000002 tr_gat= 0.272370
Epoch: 0096 va_obj= 1.6131 va_acc= 0.7180 va_loss= 1.1044 va_l2= 742.1695 va_vat= 0.000002 va_gat= 0.275273
Epoch: 0096 te_obj= 1.58810 te_acc= 0.71900 te_loss= 1.07937 te_l2= 742.16949 te_vat= 0.000002 te_vat= 0.275273
------- time= 1.15468 ------
Epoch: 0097 tr_obj= 1.0517 tr_acc= 0.9667 tr_loss= 0.5458 tr_l2= 742.1695 tr_vat= 0.000003 tr_gat= 0.269590
Epoch: 0097 va_obj= 1.6075 va_acc= 0.7180 va_loss= 1.0994 va_l2= 743.7573 va_vat= 0.000003 va_gat= 0.272578
Epoch: 0097 te_obj= 1.58252 te_acc= 0.72000 te_loss= 1.07436 te_l2= 743.75732 te_vat= 0.000003 te_vat= 0.272578
------- time= 1.15831 ------
Epoch: 0098 tr_obj= 1.0517 tr_acc= 0.9667 tr_loss= 0.5403 tr_l2= 743.7573 tr_vat= 0.000002 tr_gat= 0.279054
Epoch: 0098 va_obj= 1.6083 va_acc= 0.7180 va_loss= 1.0947 va_l2= 745.2498 va_vat= 0.000002 va_gat= 0.281964
Epoch: 0098 te_obj= 1.58332 te_acc= 0.72100 te_loss= 1.06972 te_l2= 745.24976 te_vat= 0.000003 te_vat= 0.281964
------- time= 1.18444 ------
Epoch: 0099 tr_obj= 1.0486 tr_acc= 0.9667 tr_loss= 0.5348 tr_l2= 745.2498 tr_vat= 0.000003 tr_gat= 0.282333
Epoch: 0099 va_obj= 1.6054 va_acc= 0.7200 va_loss= 1.0895 va_l2= 746.6578 va_vat= 0.000003 va_gat= 0.285067
Epoch: 0099 te_obj= 1.58087 te_acc= 0.72200 te_loss= 1.06501 te_l2= 746.65778 te_vat= 0.000003 te_vat= 0.285067
------- time= 1.15710 ------
Epoch: 0100 tr_obj= 1.0443 tr_acc= 0.9667 tr_loss= 0.5295 tr_l2= 746.6578 tr_vat= 0.000003 tr_gat= 0.283061
Epoch: 0100 va_obj= 1.6011 va_acc= 0.7200 va_loss= 1.0843 va_l2= 747.9763 va_vat= 0.000003 va_gat= 0.285662
Epoch: 0100 te_obj= 1.57698 te_acc= 0.72200 te_loss= 1.06016 te_l2= 747.97632 te_vat= 0.000003 te_vat= 0.285662
------- time= 1.15691 ------
Epoch: 0101 tr_obj= 1.0418 tr_acc= 0.9667 tr_loss= 0.5244 tr_l2= 747.9763 tr_vat= 0.000003 tr_gat= 0.286835
Epoch: 0101 va_obj= 1.5986 va_acc= 0.7220 va_loss= 1.0791 va_l2= 749.3475 va_vat= 0.000003 va_gat= 0.289552
Epoch: 0101 te_obj= 1.57478 te_acc= 0.72300 te_loss= 1.05533 te_l2= 749.34747 te_vat= 0.000003 te_vat= 0.289552
------- time= 1.14688 ------
Epoch: 0102 tr_obj= 1.0372 tr_acc= 0.9667 tr_loss= 0.5194 tr_l2= 749.3475 tr_vat= 0.000003 tr_gat= 0.286231
Epoch: 0102 va_obj= 1.5942 va_acc= 0.7260 va_loss= 1.0743 va_l2= 750.6975 va_vat= 0.000003 va_gat= 0.289001
Epoch: 0102 te_obj= 1.57022 te_acc= 0.72400 te_loss= 1.05037 te_l2= 750.69751 te_vat= 0.000003 te_vat= 0.289001
------- time= 1.15415 ------
Epoch: 0103 tr_obj= 1.0338 tr_acc= 0.9667 tr_loss= 0.5144 tr_l2= 750.6975 tr_vat= 0.000003 tr_gat= 0.288092
Epoch: 0103 va_obj= 1.5918 va_acc= 0.7240 va_loss= 1.0705 va_l2= 751.9564 va_vat= 0.000003 va_gat= 0.290800
Epoch: 0103 te_obj= 1.56744 te_acc= 0.72400 te_loss= 1.04606 te_l2= 751.95636 te_vat= 0.000003 te_vat= 0.290800
------- time= 1.14265 ------
Epoch: 0104 tr_obj= 1.0335 tr_acc= 0.9667 tr_loss= 0.5096 tr_l2= 751.9564 tr_vat= 0.000003 tr_gat= 0.295902
Epoch: 0104 va_obj= 1.5923 va_acc= 0.7200 va_loss= 1.0665 va_l2= 753.0994 va_vat= 0.000003 va_gat= 0.298518
Epoch: 0104 te_obj= 1.56781 te_acc= 0.72500 te_loss= 1.04200 te_l2= 753.09937 te_vat= 0.000003 te_vat= 0.298518
------- time= 1.16104 ------
Epoch: 0105 tr_obj= 1.0308 tr_acc= 0.9667 tr_loss= 0.5050 tr_l2= 753.0994 tr_vat= 0.000004 tr_gat= 0.298494
Epoch: 0105 va_obj= 1.5896 va_acc= 0.7200 va_loss= 1.0619 va_l2= 754.4152 va_vat= 0.000003 va_gat= 0.301046
Epoch: 0105 te_obj= 1.56505 te_acc= 0.72500 te_loss= 1.03732 te_l2= 754.41516 te_vat= 0.000003 te_vat= 0.301046
------- time= 1.16687 ------
Epoch: 0106 tr_obj= 1.0243 tr_acc= 0.9667 tr_loss= 0.5005 tr_l2= 754.4152 tr_vat= 0.000003 tr_gat= 0.293073
Epoch: 0106 va_obj= 1.5828 va_acc= 0.7220 va_loss= 1.0573 va_l2= 755.6077 va_vat= 0.000003 va_gat= 0.295420
Epoch: 0106 te_obj= 1.55841 te_acc= 0.72600 te_loss= 1.03289 te_l2= 755.60773 te_vat= 0.000003 te_vat= 0.295420
------- time= 1.17325 ------
Epoch: 0107 tr_obj= 1.0264 tr_acc= 0.9667 tr_loss= 0.4960 tr_l2= 755.6077 tr_vat= 0.000003 tr_gat= 0.305152
Epoch: 0107 va_obj= 1.5845 va_acc= 0.7220 va_loss= 1.0525 va_l2= 756.4970 va_vat= 0.000004 va_gat= 0.307536
Epoch: 0107 te_obj= 1.56040 te_acc= 0.72500 te_loss= 1.02838 te_l2= 756.49701 te_vat= 0.000003 te_vat= 0.307536
------- time= 1.15100 ------
Epoch: 0108 tr_obj= 1.0242 tr_acc= 0.9667 tr_loss= 0.4918 tr_l2= 756.4970 tr_vat= 0.000004 tr_gat= 0.308319
Epoch: 0108 va_obj= 1.5821 va_acc= 0.7240 va_loss= 1.0481 va_l2= 757.1976 va_vat= 0.000004 va_gat= 0.310643
Epoch: 0108 te_obj= 1.55821 te_acc= 0.72500 te_loss= 1.02429 te_l2= 757.19763 te_vat= 0.000004 te_vat= 0.310643
------- time= 1.15133 ------
Epoch: 0109 tr_obj= 1.0244 tr_acc= 0.9667 tr_loss= 0.4880 tr_l2= 757.1976 tr_vat= 0.000004 tr_gat= 0.315705
Epoch: 0109 va_obj= 1.5815 va_acc= 0.7240 va_loss= 1.0435 va_l2= 758.0584 va_vat= 0.000004 va_gat= 0.317926
Epoch: 0109 te_obj= 1.55809 te_acc= 0.72500 te_loss= 1.02010 te_l2= 758.05841 te_vat= 0.000004 te_vat= 0.317926
------- time= 1.16985 ------
Epoch: 0110 tr_obj= 1.0159 tr_acc= 0.9667 tr_loss= 0.4841 tr_l2= 758.0584 tr_vat= 0.000004 tr_gat= 0.305670
Epoch: 0110 va_obj= 1.5724 va_acc= 0.7260 va_loss= 1.0389 va_l2= 758.9445 va_vat= 0.000004 va_gat= 0.307914
Epoch: 0110 te_obj= 1.54895 te_acc= 0.72500 te_loss= 1.01552 te_l2= 758.94446 te_vat= 0.000004 te_vat= 0.307914
------- time= 1.16387 ------
Epoch: 0111 tr_obj= 1.0176 tr_acc= 0.9667 tr_loss= 0.4800 tr_l2= 758.9445 tr_vat= 0.000004 tr_gat= 0.316374
Epoch: 0111 va_obj= 1.5738 va_acc= 0.7280 va_loss= 1.0346 va_l2= 759.7660 va_vat= 0.000004 va_gat= 0.318587
Epoch: 0111 te_obj= 1.55015 te_acc= 0.72500 te_loss= 1.01097 te_l2= 759.76599 te_vat= 0.000004 te_vat= 0.318587
------- time= 1.17999 ------
Epoch: 0112 tr_obj= 1.0114 tr_acc= 0.9667 tr_loss= 0.4762 tr_l2= 759.7660 tr_vat= 0.000004 tr_gat= 0.310719
Epoch: 0112 va_obj= 1.5672 va_acc= 0.7280 va_loss= 1.0304 va_l2= 760.8112 va_vat= 0.000004 va_gat= 0.312912
Epoch: 0112 te_obj= 1.54357 te_acc= 0.72500 te_loss= 1.00671 te_l2= 760.81116 te_vat= 0.000004 te_vat= 0.312912
------- time= 1.17296 ------
Epoch: 0113 tr_obj= 1.0132 tr_acc= 0.9667 tr_loss= 0.4722 tr_l2= 760.8112 tr_vat= 0.000004 tr_gat= 0.321146
Epoch: 0113 va_obj= 1.5689 va_acc= 0.7300 va_loss= 1.0263 va_l2= 761.8208 va_vat= 0.000004 va_gat= 0.323428
Epoch: 0113 te_obj= 1.54552 te_acc= 0.72300 te_loss= 1.00290 te_l2= 761.82080 te_vat= 0.000004 te_vat= 0.323428
------- time= 1.17575 ------
Epoch: 0114 tr_obj= 1.0088 tr_acc= 0.9667 tr_loss= 0.4685 tr_l2= 761.8208 tr_vat= 0.000004 tr_gat= 0.318784
Epoch: 0114 va_obj= 1.5642 va_acc= 0.7300 va_loss= 1.0222 va_l2= 762.8035 va_vat= 0.000004 va_gat= 0.321141
Epoch: 0114 te_obj= 1.54088 te_acc= 0.72300 te_loss= 0.99891 te_l2= 762.80347 te_vat= 0.000004 te_vat= 0.321141
------- time= 1.15271 ------
Epoch: 0115 tr_obj= 1.0048 tr_acc= 0.9667 tr_loss= 0.4647 tr_l2= 762.8035 tr_vat= 0.000004 tr_gat= 0.317362
Epoch: 0115 va_obj= 1.5598 va_acc= 0.7280 va_loss= 1.0182 va_l2= 763.7943 va_vat= 0.000005 va_gat= 0.319467
Epoch: 0115 te_obj= 1.53656 te_acc= 0.72400 te_loss= 0.99493 te_l2= 763.79431 te_vat= 0.000005 te_vat= 0.319467
------- time= 1.17086 ------
Epoch: 0116 tr_obj= 1.0047 tr_acc= 0.9667 tr_loss= 0.4606 tr_l2= 763.7943 tr_vat= 0.000005 tr_gat= 0.324431
Epoch: 0116 va_obj= 1.5604 va_acc= 0.7300 va_loss= 1.0148 va_l2= 764.6923 va_vat= 0.000005 va_gat= 0.326434
Epoch: 0116 te_obj= 1.53711 te_acc= 0.72400 te_loss= 0.99155 te_l2= 764.69226 te_vat= 0.000005 te_vat= 0.326434
------- time= 1.15954 ------
Epoch: 0117 tr_obj= 1.0009 tr_acc= 0.9667 tr_loss= 0.4568 tr_l2= 764.6923 tr_vat= 0.000005 tr_gat= 0.323633
Epoch: 0117 va_obj= 1.5573 va_acc= 0.7300 va_loss= 1.0118 va_l2= 765.3871 va_vat= 0.000004 va_gat= 0.325613
Epoch: 0117 te_obj= 1.53451 te_acc= 0.72400 te_loss= 0.98901 te_l2= 765.38715 te_vat= 0.000005 te_vat= 0.325613
------- time= 1.15197 ------
Epoch: 0118 tr_obj= 0.9986 tr_acc= 0.9667 tr_loss= 0.4532 tr_l2= 765.3871 tr_vat= 0.000004 tr_gat= 0.325453
Epoch: 0118 va_obj= 1.5556 va_acc= 0.7320 va_loss= 1.0088 va_l2= 766.0858 va_vat= 0.000005 va_gat= 0.327449
Epoch: 0118 te_obj= 1.53323 te_acc= 0.72400 te_loss= 0.98646 te_l2= 766.08582 te_vat= 0.000005 te_vat= 0.327449
------- time= 1.16089 ------
Epoch: 0119 tr_obj= 0.9953 tr_acc= 0.9667 tr_loss= 0.4497 tr_l2= 766.0858 tr_vat= 0.000005 tr_gat= 0.325006
Epoch: 0119 va_obj= 1.5526 va_acc= 0.7320 va_loss= 1.0059 va_l2= 766.6401 va_vat= 0.000005 va_gat= 0.326729
Epoch: 0119 te_obj= 1.53044 te_acc= 0.72400 te_loss= 0.98375 te_l2= 766.64014 te_vat= 0.000005 te_vat= 0.326729
------- time= 1.15124 ------
Epoch: 0120 tr_obj= 0.9914 tr_acc= 0.9667 tr_loss= 0.4461 tr_l2= 766.6401 tr_vat= 0.000005 tr_gat= 0.324010
Epoch: 0120 va_obj= 1.5500 va_acc= 0.7320 va_loss= 1.0034 va_l2= 767.1388 va_vat= 0.000005 va_gat= 0.326035
Epoch: 0120 te_obj= 1.52748 te_acc= 0.72400 te_loss= 0.98089 te_l2= 767.13879 te_vat= 0.000005 te_vat= 0.326035
------- time= 1.15674 ------
Epoch: 0121 tr_obj= 0.9934 tr_acc= 0.9667 tr_loss= 0.4425 tr_l2= 767.1388 tr_vat= 0.000005 tr_gat= 0.334600
Epoch: 0121 va_obj= 1.5519 va_acc= 0.7340 va_loss= 1.0000 va_l2= 767.5828 va_vat= 0.000005 va_gat= 0.336199
Epoch: 0121 te_obj= 1.52946 te_acc= 0.72300 te_loss= 0.97757 te_l2= 767.58282 te_vat= 0.000005 te_vat= 0.336199
------- time= 1.16605 ------
Epoch: 0122 tr_obj= 0.9925 tr_acc= 0.9667 tr_loss= 0.4391 tr_l2= 767.5828 tr_vat= 0.000005 tr_gat= 0.339234
Epoch: 0122 va_obj= 1.5514 va_acc= 0.7340 va_loss= 0.9969 va_l2= 768.0578 va_vat= 0.000005 va_gat= 0.340924
Epoch: 0122 te_obj= 1.52904 te_acc= 0.72400 te_loss= 0.97454 te_l2= 768.05780 te_vat= 0.000005 te_vat= 0.340924
------- time= 1.16706 ------
Epoch: 0123 tr_obj= 0.9926 tr_acc= 0.9667 tr_loss= 0.4361 tr_l2= 768.0578 tr_vat= 0.000006 tr_gat= 0.344982
Epoch: 0123 va_obj= 1.5515 va_acc= 0.7340 va_loss= 0.9938 va_l2= 768.7642 va_vat= 0.000005 va_gat= 0.346675
Epoch: 0123 te_obj= 1.52920 te_acc= 0.72400 te_loss= 0.97148 te_l2= 768.76416 te_vat= 0.000006 te_vat= 0.346675
------- time= 1.16102 ------
Epoch: 0124 tr_obj= 0.9857 tr_acc= 0.9667 tr_loss= 0.4334 tr_l2= 768.7642 tr_vat= 0.000006 tr_gat= 0.335791
Epoch: 0124 va_obj= 1.5437 va_acc= 0.7340 va_loss= 0.9900 va_l2= 769.7727 va_vat= 0.000005 va_gat= 0.337675
Epoch: 0124 te_obj= 1.52106 te_acc= 0.72600 te_loss= 0.96733 te_l2= 769.77271 te_vat= 0.000005 te_vat= 0.337675
------- time= 1.15709 ------
Epoch: 0125 tr_obj= 0.9848 tr_acc= 0.9667 tr_loss= 0.4305 tr_l2= 769.7727 tr_vat= 0.000006 tr_gat= 0.338737
Epoch: 0125 va_obj= 1.5418 va_acc= 0.7340 va_loss= 0.9862 va_l2= 770.6428 va_vat= 0.000006 va_gat= 0.340566
Epoch: 0125 te_obj= 1.51887 te_acc= 0.72600 te_loss= 0.96327 te_l2= 770.64282 te_vat= 0.000006 te_vat= 0.340566
------- time= 1.16185 ------
Epoch: 0126 tr_obj= 0.9851 tr_acc= 0.9667 tr_loss= 0.4277 tr_l2= 770.6428 tr_vat= 0.000006 tr_gat= 0.344161
Epoch: 0126 va_obj= 1.5411 va_acc= 0.7360 va_loss= 0.9824 va_l2= 771.5047 va_vat= 0.000006 va_gat= 0.345832
Epoch: 0126 te_obj= 1.51783 te_acc= 0.72500 te_loss= 0.95916 te_l2= 771.50470 te_vat= 0.000005 te_vat= 0.345832
------- time= 1.14849 ------
Epoch: 0127 tr_obj= 0.9804 tr_acc= 0.9667 tr_loss= 0.4249 tr_l2= 771.5047 tr_vat= 0.000006 tr_gat= 0.339470
Epoch: 0127 va_obj= 1.5358 va_acc= 0.7360 va_loss= 0.9790 va_l2= 772.3316 va_vat= 0.000006 va_gat= 0.341097
Epoch: 0127 te_obj= 1.51222 te_acc= 0.72600 te_loss= 0.95550 te_l2= 772.33160 te_vat= 0.000006 te_vat= 0.341097
------- time= 1.15300 ------
Epoch: 0128 tr_obj= 0.9839 tr_acc= 0.9667 tr_loss= 0.4218 tr_l2= 772.3316 tr_vat= 0.000006 tr_gat= 0.351919
Epoch: 0128 va_obj= 1.5395 va_acc= 0.7360 va_loss= 0.9763 va_l2= 772.9224 va_vat= 0.000006 va_gat= 0.353461
Epoch: 0128 te_obj= 1.51570 te_acc= 0.72400 te_loss= 0.95251 te_l2= 772.92236 te_vat= 0.000006 te_vat= 0.353461
------- time= 1.15553 ------
Epoch: 0129 tr_obj= 0.9804 tr_acc= 0.9667 tr_loss= 0.4190 tr_l2= 772.9224 tr_vat= 0.000006 tr_gat= 0.349981
Epoch: 0129 va_obj= 1.5358 va_acc= 0.7380 va_loss= 0.9735 va_l2= 773.1942 va_vat= 0.000006 va_gat= 0.351326
Epoch: 0129 te_obj= 1.51213 te_acc= 0.72500 te_loss= 0.94987 te_l2= 773.19421 te_vat= 0.000006 te_vat= 0.351326
------- time= 1.16324 ------
Epoch: 0130 tr_obj= 0.9802 tr_acc= 0.9667 tr_loss= 0.4165 tr_l2= 773.1942 tr_vat= 0.000006 tr_gat= 0.354226
Epoch: 0130 va_obj= 1.5350 va_acc= 0.7380 va_loss= 0.9705 va_l2= 773.3350 va_vat= 0.000006 va_gat= 0.355685
Epoch: 0130 te_obj= 1.51152 te_acc= 0.72700 te_loss= 0.94701 te_l2= 773.33502 te_vat= 0.000006 te_vat= 0.355685
------- time= 1.15228 ------
Epoch: 0131 tr_obj= 0.9806 tr_acc= 0.9667 tr_loss= 0.4143 tr_l2= 773.3350 tr_vat= 0.000006 tr_gat= 0.359309
Epoch: 0131 va_obj= 1.5346 va_acc= 0.7380 va_loss= 0.9676 va_l2= 773.3682 va_vat= 0.000007 va_gat= 0.360682
Epoch: 0131 te_obj= 1.51111 te_acc= 0.72800 te_loss= 0.94408 te_l2= 773.36816 te_vat= 0.000006 te_vat= 0.360682
------- time= 1.19615 ------
Epoch: 0132 tr_obj= 0.9745 tr_acc= 0.9750 tr_loss= 0.4123 tr_l2= 773.3682 tr_vat= 0.000006 tr_gat= 0.350919
Epoch: 0132 va_obj= 1.5283 va_acc= 0.7400 va_loss= 0.9656 va_l2= 773.3444 va_vat= 0.000007 va_gat= 0.352118
Epoch: 0132 te_obj= 1.50477 te_acc= 0.72900 te_loss= 0.94204 te_l2= 773.34436 te_vat= 0.000006 te_vat= 0.352118
------- time= 1.15289 ------
Epoch: 0133 tr_obj= 0.9731 tr_acc= 0.9667 tr_loss= 0.4101 tr_l2= 773.3444 tr_vat= 0.000006 tr_gat= 0.352670
Epoch: 0133 va_obj= 1.5270 va_acc= 0.7380 va_loss= 0.9633 va_l2= 773.3236 va_vat= 0.000006 va_gat= 0.354078
Epoch: 0133 te_obj= 1.50351 te_acc= 0.72700 te_loss= 0.93981 te_l2= 773.32361 te_vat= 0.000006 te_vat= 0.354078
------- time= 1.16395 ------
Epoch: 0134 tr_obj= 0.9727 tr_acc= 0.9750 tr_loss= 0.4076 tr_l2= 773.3236 tr_vat= 0.000006 tr_gat= 0.356945
Epoch: 0134 va_obj= 1.5270 va_acc= 0.7400 va_loss= 0.9613 va_l2= 773.2953 va_vat= 0.000006 va_gat= 0.358179
Epoch: 0134 te_obj= 1.50335 te_acc= 0.72700 te_loss= 0.93762 te_l2= 773.29529 te_vat= 0.000007 te_vat= 0.358179
------- time= 1.14321 ------
Epoch: 0135 tr_obj= 0.9674 tr_acc= 0.9750 tr_loss= 0.4050 tr_l2= 773.2953 tr_vat= 0.000006 tr_gat= 0.351372
Epoch: 0135 va_obj= 1.5218 va_acc= 0.7400 va_loss= 0.9588 va_l2= 773.2208 va_vat= 0.000007 va_gat= 0.352815
Epoch: 0135 te_obj= 1.49831 te_acc= 0.72700 te_loss= 0.93529 te_l2= 773.22083 te_vat= 0.000007 te_vat= 0.352815
------- time= 1.17903 ------
Epoch: 0136 tr_obj= 0.9710 tr_acc= 0.9750 tr_loss= 0.4027 tr_l2= 773.2208 tr_vat= 0.000007 tr_gat= 0.363402
Epoch: 0136 va_obj= 1.5259 va_acc= 0.7400 va_loss= 0.9570 va_l2= 773.1608 va_vat= 0.000007 va_gat= 0.364662
Epoch: 0136 te_obj= 1.50201 te_acc= 0.72700 te_loss= 0.93310 te_l2= 773.16077 te_vat= 0.000007 te_vat= 0.364662
------- time= 1.15309 ------
Epoch: 0137 tr_obj= 0.9669 tr_acc= 0.9750 tr_loss= 0.4005 tr_l2= 773.1608 tr_vat= 0.000007 tr_gat= 0.359727
Epoch: 0137 va_obj= 1.5221 va_acc= 0.7380 va_loss= 0.9549 va_l2= 773.3099 va_vat= 0.000007 va_gat= 0.361098
Epoch: 0137 te_obj= 1.49794 te_acc= 0.72700 te_loss= 0.93074 te_l2= 773.30994 te_vat= 0.000007 te_vat= 0.361098
------- time= 1.18830 ------
Epoch: 0138 tr_obj= 0.9661 tr_acc= 0.9750 tr_loss= 0.3982 tr_l2= 773.3099 tr_vat= 0.000007 tr_gat= 0.362467
Epoch: 0138 va_obj= 1.5211 va_acc= 0.7360 va_loss= 0.9525 va_l2= 773.5229 va_vat= 0.000007 va_gat= 0.363737
Epoch: 0138 te_obj= 1.49692 te_acc= 0.72800 te_loss= 0.92829 te_l2= 773.52295 te_vat= 0.000007 te_vat= 0.363737
------- time= 1.16737 ------
Epoch: 0139 tr_obj= 0.9651 tr_acc= 0.9750 tr_loss= 0.3962 tr_l2= 773.5229 tr_vat= 0.000007 tr_gat= 0.364447
Epoch: 0139 va_obj= 1.5201 va_acc= 0.7380 va_loss= 0.9501 va_l2= 773.9084 va_vat= 0.000007 va_gat= 0.366065
Epoch: 0139 te_obj= 1.49589 te_acc= 0.72800 te_loss= 0.92591 te_l2= 773.90845 te_vat= 0.000007 te_vat= 0.366065
------- time= 1.15652 ------
Epoch: 0140 tr_obj= 0.9617 tr_acc= 0.9750 tr_loss= 0.3941 tr_l2= 773.9084 tr_vat= 0.000008 tr_gat= 0.361337
Epoch: 0140 va_obj= 1.5159 va_acc= 0.7380 va_loss= 0.9473 va_l2= 774.5079 va_vat= 0.000007 va_gat= 0.362778
Epoch: 0140 te_obj= 1.49214 te_acc= 0.72800 te_loss= 0.92350 te_l2= 774.50787 te_vat= 0.000007 te_vat= 0.362778
------- time= 1.18496 ------
Epoch: 0141 tr_obj= 0.9632 tr_acc= 0.9750 tr_loss= 0.3920 tr_l2= 774.5079 tr_vat= 0.000008 tr_gat= 0.367868
Epoch: 0141 va_obj= 1.5165 va_acc= 0.7400 va_loss= 0.9442 va_l2= 775.4865 va_vat= 0.000008 va_gat= 0.369227
Epoch: 0141 te_obj= 1.49300 te_acc= 0.73100 te_loss= 0.92065 te_l2= 775.48645 te_vat= 0.000007 te_vat= 0.369227
------- time= 1.16012 ------
Epoch: 0142 tr_obj= 0.9602 tr_acc= 0.9750 tr_loss= 0.3894 tr_l2= 775.4865 tr_vat= 0.000008 tr_gat= 0.366271
Epoch: 0142 va_obj= 1.5137 va_acc= 0.7400 va_loss= 0.9415 va_l2= 776.4238 va_vat= 0.000007 va_gat= 0.367963
Epoch: 0142 te_obj= 1.49032 te_acc= 0.73100 te_loss= 0.91813 te_l2= 776.42383 te_vat= 0.000007 te_vat= 0.367963
------- time= 1.18115 ------
Epoch: 0143 tr_obj= 0.9608 tr_acc= 0.9750 tr_loss= 0.3868 tr_l2= 776.4238 tr_vat= 0.000008 tr_gat= 0.371619
Epoch: 0143 va_obj= 1.5141 va_acc= 0.7380 va_loss= 0.9389 va_l2= 777.2346 va_vat= 0.000008 va_gat= 0.373105
Epoch: 0143 te_obj= 1.49079 te_acc= 0.72900 te_loss= 0.91562 te_l2= 777.23456 te_vat= 0.000007 te_vat= 0.373105
------- time= 1.16599 ------
Epoch: 0144 tr_obj= 0.9571 tr_acc= 0.9750 tr_loss= 0.3843 tr_l2= 777.2346 tr_vat= 0.000008 tr_gat= 0.368359
Epoch: 0144 va_obj= 1.5108 va_acc= 0.7400 va_loss= 0.9373 va_l2= 777.5949 va_vat= 0.000008 va_gat= 0.369383
Epoch: 0144 te_obj= 1.48717 te_acc= 0.72900 te_loss= 0.91368 te_l2= 777.59491 te_vat= 0.000009 te_vat= 0.369383
------- time= 1.15311 ------
Epoch: 0145 tr_obj= 0.9589 tr_acc= 0.9750 tr_loss= 0.3821 tr_l2= 777.5949 tr_vat= 0.000008 tr_gat= 0.375971
Epoch: 0145 va_obj= 1.5129 va_acc= 0.7380 va_loss= 0.9354 va_l2= 777.8739 va_vat= 0.000008 va_gat= 0.377130
Epoch: 0145 te_obj= 1.48922 te_acc= 0.73000 te_loss= 0.91171 te_l2= 777.87390 te_vat= 0.000008 te_vat= 0.377130
------- time= 1.17311 ------
Epoch: 0146 tr_obj= 0.9589 tr_acc= 0.9750 tr_loss= 0.3801 tr_l2= 777.8739 tr_vat= 0.000009 tr_gat= 0.379726
Epoch: 0146 va_obj= 1.5130 va_acc= 0.7380 va_loss= 0.9337 va_l2= 777.9346 va_vat= 0.000008 va_gat= 0.380714
Epoch: 0146 te_obj= 1.48981 te_acc= 0.72700 te_loss= 0.91049 te_l2= 777.93463 te_vat= 0.000008 te_vat= 0.380714
------- time= 1.13537 ------
Epoch: 0147 tr_obj= 0.9483 tr_acc= 0.9750 tr_loss= 0.3783 tr_l2= 777.9346 tr_vat= 0.000008 tr_gat= 0.362049
Epoch: 0147 va_obj= 1.5029 va_acc= 0.7360 va_loss= 0.9325 va_l2= 777.9489 va_vat= 0.000009 va_gat= 0.362911
Epoch: 0147 te_obj= 1.47999 te_acc= 0.72500 te_loss= 0.90956 te_l2= 777.94891 te_vat= 0.000008 te_vat= 0.362911
------- time= 1.15739 ------
Epoch: 0148 tr_obj= 0.9545 tr_acc= 0.9750 tr_loss= 0.3760 tr_l2= 777.9489 tr_vat= 0.000008 tr_gat= 0.378923
Epoch: 0148 va_obj= 1.5103 va_acc= 0.7360 va_loss= 0.9316 va_l2= 777.8074 va_vat= 0.000008 va_gat= 0.379637
Epoch: 0148 te_obj= 1.48727 te_acc= 0.72500 te_loss= 0.90854 te_l2= 777.80737 te_vat= 0.000008 te_vat= 0.379637
------- time= 1.19911 ------
Epoch: 0149 tr_obj= 0.9531 tr_acc= 0.9750 tr_loss= 0.3741 tr_l2= 777.8074 tr_vat= 0.000009 tr_gat= 0.380200
Epoch: 0149 va_obj= 1.5097 va_acc= 0.7380 va_loss= 0.9302 va_l2= 777.7417 va_vat= 0.000008 va_gat= 0.381147
Epoch: 0149 te_obj= 1.48654 te_acc= 0.72400 te_loss= 0.90709 te_l2= 777.74170 te_vat= 0.000009 te_vat= 0.381147
------- time= 1.17296 ------
Epoch: 0150 tr_obj= 0.9503 tr_acc= 0.9750 tr_loss= 0.3721 tr_l2= 777.7417 tr_vat= 0.000009 tr_gat= 0.378710
Epoch: 0150 va_obj= 1.5076 va_acc= 0.7380 va_loss= 0.9289 va_l2= 777.7283 va_vat= 0.000009 va_gat= 0.379611
Epoch: 0150 te_obj= 1.48414 te_acc= 0.72500 te_loss= 0.90547 te_l2= 777.72827 te_vat= 0.000008 te_vat= 0.379611
------- time= 1.19067 ------
Epoch: 0151 tr_obj= 0.9501 tr_acc= 0.9750 tr_loss= 0.3701 tr_l2= 777.7283 tr_vat= 0.000009 tr_gat= 0.382135
Epoch: 0151 va_obj= 1.5081 va_acc= 0.7400 va_loss= 0.9277 va_l2= 777.8210 va_vat= 0.000009 va_gat= 0.383100
Epoch: 0151 te_obj= 1.48430 te_acc= 0.72600 te_loss= 0.90384 te_l2= 777.82098 te_vat= 0.000008 te_vat= 0.383100
------- time= 1.15618 ------
Epoch: 0152 tr_obj= 0.9440 tr_acc= 0.9750 tr_loss= 0.3685 tr_l2= 777.8210 tr_vat= 0.000010 tr_gat= 0.373065
Epoch: 0152 va_obj= 1.5018 va_acc= 0.7400 va_loss= 0.9257 va_l2= 778.0349 va_vat= 0.000009 va_gat= 0.374170
Epoch: 0152 te_obj= 1.47771 te_acc= 0.72500 te_loss= 0.90161 te_l2= 778.03485 te_vat= 0.000009 te_vat= 0.374170
------- time= 1.16449 ------
Epoch: 0153 tr_obj= 0.9438 tr_acc= 0.9750 tr_loss= 0.3667 tr_l2= 778.0349 tr_vat= 0.000010 tr_gat= 0.376188
Epoch: 0153 va_obj= 1.5015 va_acc= 0.7440 va_loss= 0.9237 va_l2= 778.4109 va_vat= 0.000009 va_gat= 0.377266
Epoch: 0153 te_obj= 1.47743 te_acc= 0.72800 te_loss= 0.89959 te_l2= 778.41095 te_vat= 0.000009 te_vat= 0.377266
------- time= 1.19159 ------
Epoch: 0154 tr_obj= 0.9482 tr_acc= 0.9750 tr_loss= 0.3648 tr_l2= 778.4109 tr_vat= 0.000009 tr_gat= 0.388419
Epoch: 0154 va_obj= 1.5050 va_acc= 0.7420 va_loss= 0.9210 va_l2= 778.6550 va_vat= 0.000008 va_gat= 0.389324
Epoch: 0154 te_obj= 1.48139 te_acc= 0.72800 te_loss= 0.89740 te_l2= 778.65503 te_vat= 0.000010 te_vat= 0.389324
------- time= 1.25119 ------
Epoch: 0155 tr_obj= 0.9475 tr_acc= 0.9750 tr_loss= 0.3631 tr_l2= 778.6550 tr_vat= 0.000009 tr_gat= 0.390227
Epoch: 0155 va_obj= 1.5033 va_acc= 0.7440 va_loss= 0.9182 va_l2= 779.0854 va_vat= 0.000009 va_gat= 0.391134
Epoch: 0155 te_obj= 1.48007 te_acc= 0.73000 te_loss= 0.89496 te_l2= 779.08545 te_vat= 0.000009 te_vat= 0.391134
------- time= 1.16871 ------
Epoch: 0156 tr_obj= 0.9412 tr_acc= 0.9750 tr_loss= 0.3614 tr_l2= 779.0854 tr_vat= 0.000010 tr_gat= 0.380496
Epoch: 0156 va_obj= 1.4962 va_acc= 0.7460 va_loss= 0.9157 va_l2= 779.5424 va_vat= 0.000010 va_gat= 0.381506
Epoch: 0156 te_obj= 1.47393 te_acc= 0.73000 te_loss= 0.89341 te_l2= 779.54236 te_vat= 0.000010 te_vat= 0.381506
------- time= 1.17485 ------
Epoch: 0157 tr_obj= 0.9427 tr_acc= 0.9750 tr_loss= 0.3599 tr_l2= 779.5424 tr_vat= 0.000009 tr_gat= 0.386161
Epoch: 0157 va_obj= 1.4973 va_acc= 0.7440 va_loss= 0.9138 va_l2= 779.9368 va_vat= 0.000010 va_gat= 0.387037
Epoch: 0157 te_obj= 1.47564 te_acc= 0.73000 te_loss= 0.89215 te_l2= 779.93683 te_vat= 0.000010 te_vat= 0.387037
------- time= 1.17108 ------
Epoch: 0158 tr_obj= 0.9396 tr_acc= 0.9750 tr_loss= 0.3584 tr_l2= 779.9368 tr_vat= 0.000009 tr_gat= 0.382382
Epoch: 0158 va_obj= 1.4939 va_acc= 0.7440 va_loss= 0.9120 va_l2= 780.3103 va_vat= 0.000011 va_gat= 0.383414
Epoch: 0158 te_obj= 1.47243 te_acc= 0.73000 te_loss= 0.89057 te_l2= 780.31030 te_vat= 0.000010 te_vat= 0.383414
------- time= 1.16629 ------
Epoch: 0159 tr_obj= 0.9407 tr_acc= 0.9750 tr_loss= 0.3566 tr_l2= 780.3103 tr_vat= 0.000010 tr_gat= 0.387861
Epoch: 0159 va_obj= 1.4952 va_acc= 0.7440 va_loss= 0.9106 va_l2= 780.5337 va_vat= 0.000010 va_gat= 0.388707
Epoch: 0159 te_obj= 1.47377 te_acc= 0.73000 te_loss= 0.88915 te_l2= 780.53369 te_vat= 0.000011 te_vat= 0.388707
------- time= 1.15802 ------
Epoch: 0160 tr_obj= 0.9399 tr_acc= 0.9750 tr_loss= 0.3550 tr_l2= 780.5337 tr_vat= 0.000010 tr_gat= 0.389298
Epoch: 0160 va_obj= 1.4942 va_acc= 0.7440 va_loss= 0.9087 va_l2= 780.7506 va_vat= 0.000011 va_gat= 0.390249
Epoch: 0160 te_obj= 1.47312 te_acc= 0.73000 te_loss= 0.88762 te_l2= 780.75061 te_vat= 0.000010 te_vat= 0.390249
------- time= 1.17660 ------
Epoch: 0161 tr_obj= 0.9389 tr_acc= 0.9750 tr_loss= 0.3536 tr_l2= 780.7506 tr_vat= 0.000009 tr_gat= 0.389970
Epoch: 0161 va_obj= 1.4929 va_acc= 0.7440 va_loss= 0.9070 va_l2= 781.1277 va_vat= 0.000011 va_gat= 0.390764
Epoch: 0161 te_obj= 1.47225 te_acc= 0.73000 te_loss= 0.88630 te_l2= 781.12775 te_vat= 0.000010 te_vat= 0.390764
------- time= 1.17771 ------
Epoch: 0162 tr_obj= 0.9399 tr_acc= 0.9750 tr_loss= 0.3523 tr_l2= 781.1277 tr_vat= 0.000011 tr_gat= 0.394162
Epoch: 0162 va_obj= 1.4936 va_acc= 0.7440 va_loss= 0.9052 va_l2= 781.4490 va_vat= 0.000010 va_gat= 0.395315
Epoch: 0162 te_obj= 1.47289 te_acc= 0.73000 te_loss= 0.88451 te_l2= 781.44897 te_vat= 0.000010 te_vat= 0.395315
------- time= 1.16091 ------
Epoch: 0163 tr_obj= 0.9315 tr_acc= 0.9750 tr_loss= 0.3508 tr_l2= 781.4490 tr_vat= 0.000010 tr_gat= 0.379863
Epoch: 0163 va_obj= 1.4838 va_acc= 0.7440 va_loss= 0.9023 va_l2= 782.0321 va_vat= 0.000010 va_gat= 0.380885
Epoch: 0163 te_obj= 1.46333 te_acc= 0.73000 te_loss= 0.88188 te_l2= 782.03210 te_vat= 0.000010 te_vat= 0.380885
------- time= 1.15994 ------
Epoch: 0164 tr_obj= 0.9377 tr_acc= 0.9750 tr_loss= 0.3489 tr_l2= 782.0321 tr_vat= 0.000010 tr_gat= 0.395436
Epoch: 0164 va_obj= 1.4897 va_acc= 0.7440 va_loss= 0.9004 va_l2= 782.2072 va_vat= 0.000011 va_gat= 0.396374
Epoch: 0164 te_obj= 1.46942 te_acc= 0.73100 te_loss= 0.88012 te_l2= 782.20721 te_vat= 0.000010 te_vat= 0.396374
------- time= 1.15837 ------
Epoch: 0165 tr_obj= 0.9351 tr_acc= 0.9750 tr_loss= 0.3474 tr_l2= 782.2072 tr_vat= 0.000010 tr_gat= 0.393143
Epoch: 0165 va_obj= 1.4868 va_acc= 0.7440 va_loss= 0.8987 va_l2= 782.3142 va_vat= 0.000010 va_gat= 0.393976
Epoch: 0165 te_obj= 1.46702 te_acc= 0.73000 te_loss= 0.87887 te_l2= 782.31421 te_vat= 0.000010 te_vat= 0.393976
------- time= 1.19232 ------
Epoch: 0166 tr_obj= 0.9339 tr_acc= 0.9750 tr_loss= 0.3460 tr_l2= 782.3142 tr_vat= 0.000010 tr_gat= 0.393498
Epoch: 0166 va_obj= 1.4855 va_acc= 0.7440 va_loss= 0.8969 va_l2= 782.6279 va_vat= 0.000011 va_gat= 0.394467
Epoch: 0166 te_obj= 1.46618 te_acc= 0.73100 te_loss= 0.87763 te_l2= 782.62793 te_vat= 0.000011 te_vat= 0.394467
------- time= 1.16310 ------
Epoch: 0167 tr_obj= 0.9337 tr_acc= 0.9750 tr_loss= 0.3441 tr_l2= 782.6279 tr_vat= 0.000011 tr_gat= 0.396481
Epoch: 0167 va_obj= 1.4858 va_acc= 0.7440 va_loss= 0.8959 va_l2= 782.5881 va_vat= 0.000012 va_gat= 0.397094
Epoch: 0167 te_obj= 1.46710 te_acc= 0.73100 te_loss= 0.87726 te_l2= 782.58807 te_vat= 0.000011 te_vat= 0.397094
------- time= 1.16125 ------
Epoch: 0168 tr_obj= 0.9321 tr_acc= 0.9750 tr_loss= 0.3429 tr_l2= 782.5881 tr_vat= 0.000012 tr_gat= 0.395844
Epoch: 0168 va_obj= 1.4843 va_acc= 0.7440 va_loss= 0.8946 va_l2= 782.7139 va_vat= 0.000012 va_gat= 0.396677
Epoch: 0168 te_obj= 1.46646 te_acc= 0.73300 te_loss= 0.87677 te_l2= 782.71387 te_vat= 0.000011 te_vat= 0.396677
------- time= 1.16039 ------
Epoch: 0169 tr_obj= 0.9315 tr_acc= 0.9750 tr_loss= 0.3415 tr_l2= 782.7139 tr_vat= 0.000011 tr_gat= 0.397285
Epoch: 0169 va_obj= 1.4843 va_acc= 0.7420 va_loss= 0.8938 va_l2= 782.8412 va_vat= 0.000011 va_gat= 0.398082
Epoch: 0169 te_obj= 1.46666 te_acc= 0.73200 te_loss= 0.87620 te_l2= 782.84119 te_vat= 0.000011 te_vat= 0.398082
------- time= 1.14628 ------
Epoch: 0170 tr_obj= 0.9333 tr_acc= 0.9750 tr_loss= 0.3401 tr_l2= 782.8412 tr_vat= 0.000011 tr_gat= 0.403620
Epoch: 0170 va_obj= 1.4864 va_acc= 0.7440 va_loss= 0.8927 va_l2= 783.0238 va_vat= 0.000012 va_gat= 0.404388
Epoch: 0170 te_obj= 1.46872 te_acc= 0.73400 te_loss= 0.87502 te_l2= 783.02380 te_vat= 0.000014 te_vat= 0.404388
------- time= 1.19032 ------
Epoch: 0171 tr_obj= 0.9279 tr_acc= 0.9750 tr_loss= 0.3385 tr_l2= 783.0238 tr_vat= 0.000011 tr_gat= 0.395700
Epoch: 0171 va_obj= 1.4813 va_acc= 0.7460 va_loss= 0.8912 va_l2= 783.4163 va_vat= 0.000012 va_gat= 0.396803
Epoch: 0171 te_obj= 1.46338 te_acc= 0.73100 te_loss= 0.87327 te_l2= 783.41626 te_vat= 0.000011 te_vat= 0.396803
------- time= 1.15606 ------
Epoch: 0172 tr_obj= 0.9305 tr_acc= 0.9750 tr_loss= 0.3366 tr_l2= 783.4163 tr_vat= 0.000012 tr_gat= 0.404513
Epoch: 0172 va_obj= 1.4847 va_acc= 0.7420 va_loss= 0.8899 va_l2= 784.0400 va_vat= 0.000011 va_gat= 0.405510
Epoch: 0172 te_obj= 1.46611 te_acc= 0.73000 te_loss= 0.87133 te_l2= 784.03998 te_vat= 0.000013 te_vat= 0.405510
------- time= 1.14945 ------
Epoch: 0173 tr_obj= 0.9257 tr_acc= 0.9750 tr_loss= 0.3345 tr_l2= 784.0400 tr_vat= 0.000013 tr_gat= 0.398479
Epoch: 0173 va_obj= 1.4802 va_acc= 0.7440 va_loss= 0.8883 va_l2= 784.5951 va_vat= 0.000012 va_gat= 0.399172
Epoch: 0173 te_obj= 1.46139 te_acc= 0.73000 te_loss= 0.86950 te_l2= 784.59509 te_vat= 0.000012 te_vat= 0.399172
------- time= 1.15612 ------
Epoch: 0174 tr_obj= 0.9260 tr_acc= 0.9750 tr_loss= 0.3329 tr_l2= 784.5951 tr_vat= 0.000012 tr_gat= 0.401489
Epoch: 0174 va_obj= 1.4807 va_acc= 0.7440 va_loss= 0.8871 va_l2= 785.1155 va_vat= 0.000013 va_gat= 0.402135
Epoch: 0174 te_obj= 1.46158 te_acc= 0.73000 te_loss= 0.86796 te_l2= 785.11548 te_vat= 0.000012 te_vat= 0.402135
------- time= 1.14379 ------
Epoch: 0175 tr_obj= 0.9273 tr_acc= 0.9750 tr_loss= 0.3315 tr_l2= 785.1155 tr_vat= 0.000012 tr_gat= 0.406347
Epoch: 0175 va_obj= 1.4820 va_acc= 0.7440 va_loss= 0.8858 va_l2= 785.5991 va_vat= 0.000012 va_gat= 0.406744
Epoch: 0175 te_obj= 1.46266 te_acc= 0.72900 te_loss= 0.86649 te_l2= 785.59912 te_vat= 0.000012 te_vat= 0.406744
------- time= 1.15713 ------
Epoch: 0176 tr_obj= 0.9281 tr_acc= 0.9750 tr_loss= 0.3305 tr_l2= 785.5991 tr_vat= 0.000013 tr_gat= 0.409610
Epoch: 0176 va_obj= 1.4831 va_acc= 0.7440 va_loss= 0.8852 va_l2= 785.9929 va_vat= 0.000011 va_gat= 0.409841
Epoch: 0176 te_obj= 1.46367 te_acc= 0.72900 te_loss= 0.86575 te_l2= 785.99292 te_vat= 0.000012 te_vat= 0.409841
------- time= 1.15393 ------
Epoch: 0177 tr_obj= 0.9263 tr_acc= 0.9750 tr_loss= 0.3299 tr_l2= 785.9929 tr_vat= 0.000013 tr_gat= 0.406725
Epoch: 0177 va_obj= 1.4814 va_acc= 0.7440 va_loss= 0.8848 va_l2= 786.2178 va_vat= 0.000013 va_gat= 0.407036
Epoch: 0177 te_obj= 1.46180 te_acc= 0.73000 te_loss= 0.86517 te_l2= 786.21783 te_vat= 0.000014 te_vat= 0.407036
------- time= 1.14179 ------
Epoch: 0178 tr_obj= 0.9275 tr_acc= 0.9750 tr_loss= 0.3292 tr_l2= 786.2178 tr_vat= 0.000013 tr_gat= 0.410387
Epoch: 0178 va_obj= 1.4827 va_acc= 0.7440 va_loss= 0.8841 va_l2= 786.4562 va_vat= 0.000012 va_gat= 0.410913
Epoch: 0178 te_obj= 1.46280 te_acc= 0.73100 te_loss= 0.86412 te_l2= 786.45618 te_vat= 0.000013 te_vat= 0.410913
------- time= 1.14358 ------
Epoch: 0179 tr_obj= 0.9273 tr_acc= 0.9750 tr_loss= 0.3282 tr_l2= 786.4562 tr_vat= 0.000014 tr_gat= 0.411830
Epoch: 0179 va_obj= 1.4823 va_acc= 0.7440 va_loss= 0.8826 va_l2= 786.6012 va_vat= 0.000013 va_gat= 0.412843
Epoch: 0179 te_obj= 1.46186 te_acc= 0.73200 te_loss= 0.86214 te_l2= 786.60120 te_vat= 0.000014 te_vat= 0.412843
------- time= 1.15108 ------
Epoch: 0180 tr_obj= 0.9263 tr_acc= 0.9750 tr_loss= 0.3269 tr_l2= 786.6012 tr_vat= 0.000014 tr_gat= 0.412099
Epoch: 0180 va_obj= 1.4810 va_acc= 0.7480 va_loss= 0.8814 va_l2= 786.3921 va_vat= 0.000013 va_gat= 0.412838
Epoch: 0180 te_obj= 1.46044 te_acc= 0.73200 te_loss= 0.86082 te_l2= 786.39209 te_vat= 0.000014 te_vat= 0.412838
------- time= 1.16486 ------
Epoch: 0181 tr_obj= 0.9222 tr_acc= 0.9750 tr_loss= 0.3260 tr_l2= 786.3921 tr_vat= 0.000013 tr_gat= 0.405971
Epoch: 0181 va_obj= 1.4771 va_acc= 0.7480 va_loss= 0.8805 va_l2= 786.3396 va_vat= 0.000014 va_gat= 0.406885
Epoch: 0181 te_obj= 1.45610 te_acc= 0.73300 te_loss= 0.85949 te_l2= 786.33960 te_vat= 0.000012 te_vat= 0.406885
------- time= 1.16230 ------
Epoch: 0182 tr_obj= 0.9231 tr_acc= 0.9750 tr_loss= 0.3247 tr_l2= 786.3396 tr_vat= 0.000012 tr_gat= 0.410502
Epoch: 0182 va_obj= 1.4788 va_acc= 0.7460 va_loss= 0.8799 va_l2= 786.2731 va_vat= 0.000013 va_gat= 0.411504
Epoch: 0182 te_obj= 1.45706 te_acc= 0.73100 te_loss= 0.85818 te_l2= 786.27307 te_vat= 0.000012 te_vat= 0.411504
------- time= 1.16078 ------
Epoch: 0183 tr_obj= 0.9244 tr_acc= 0.9750 tr_loss= 0.3230 tr_l2= 786.2731 tr_vat= 0.000013 tr_gat= 0.416425
Epoch: 0183 va_obj= 1.4817 va_acc= 0.7460 va_loss= 0.8800 va_l2= 786.2367 va_vat= 0.000014 va_gat= 0.417145
Epoch: 0183 te_obj= 1.45954 te_acc= 0.73100 te_loss= 0.85785 te_l2= 786.23669 te_vat= 0.000014 te_vat= 0.417145
------- time= 1.18072 ------
Epoch: 0184 tr_obj= 0.9186 tr_acc= 0.9750 tr_loss= 0.3219 tr_l2= 786.2367 tr_vat= 0.000013 tr_gat= 0.407004
Epoch: 0184 va_obj= 1.4766 va_acc= 0.7460 va_loss= 0.8797 va_l2= 786.4741 va_vat= 0.000013 va_gat= 0.407400
Epoch: 0184 te_obj= 1.45415 te_acc= 0.73100 te_loss= 0.85722 te_l2= 786.47412 te_vat= 0.000013 te_vat= 0.407400
------- time= 1.15481 ------
Epoch: 0185 tr_obj= 0.9162 tr_acc= 0.9750 tr_loss= 0.3207 tr_l2= 786.4741 tr_vat= 0.000013 tr_gat= 0.404543
Epoch: 0185 va_obj= 1.4743 va_acc= 0.7460 va_loss= 0.8784 va_l2= 786.7144 va_vat= 0.000013 va_gat= 0.405102
Epoch: 0185 te_obj= 1.45266 te_acc= 0.73100 te_loss= 0.85675 te_l2= 786.71436 te_vat= 0.000014 te_vat= 0.405102
------- time= 1.15348 ------
Epoch: 0186 tr_obj= 0.9187 tr_acc= 0.9750 tr_loss= 0.3195 tr_l2= 786.7144 tr_vat= 0.000012 tr_gat= 0.411670
Epoch: 0186 va_obj= 1.4761 va_acc= 0.7420 va_loss= 0.8768 va_l2= 786.8976 va_vat= 0.000015 va_gat= 0.411658
Epoch: 0186 te_obj= 1.45554 te_acc= 0.73200 te_loss= 0.85626 te_l2= 786.89758 te_vat= 0.000014 te_vat= 0.411658
------- time= 1.15916 ------
Epoch: 0187 tr_obj= 0.9200 tr_acc= 0.9750 tr_loss= 0.3183 tr_l2= 786.8976 tr_vat= 0.000015 tr_gat= 0.416459
Epoch: 0187 va_obj= 1.4781 va_acc= 0.7400 va_loss= 0.8760 va_l2= 787.1884 va_vat= 0.000015 va_gat= 0.416990
Epoch: 0187 te_obj= 1.45836 te_acc= 0.73200 te_loss= 0.85627 te_l2= 787.18835 te_vat= 0.000014 te_vat= 0.416990
------- time= 1.15021 ------
Epoch: 0188 tr_obj= 0.9157 tr_acc= 0.9750 tr_loss= 0.3173 tr_l2= 787.1884 tr_vat= 0.000014 tr_gat= 0.409458
Epoch: 0188 va_obj= 1.4738 va_acc= 0.7400 va_loss= 0.8749 va_l2= 787.5358 va_vat= 0.000015 va_gat= 0.410422
Epoch: 0188 te_obj= 1.45409 te_acc= 0.73200 te_loss= 0.85511 te_l2= 787.53577 te_vat= 0.000014 te_vat= 0.410422
------- time= 1.16333 ------
Epoch: 0189 tr_obj= 0.9192 tr_acc= 0.9750 tr_loss= 0.3160 tr_l2= 787.5358 tr_vat= 0.000014 tr_gat= 0.418906
Epoch: 0189 va_obj= 1.4789 va_acc= 0.7400 va_loss= 0.8749 va_l2= 787.9180 va_vat= 0.000015 va_gat= 0.420094
Epoch: 0189 te_obj= 1.45853 te_acc= 0.73300 te_loss= 0.85452 te_l2= 787.91797 te_vat= 0.000013 te_vat= 0.420094
------- time= 1.16352 ------
Epoch: 0190 tr_obj= 0.9121 tr_acc= 0.9750 tr_loss= 0.3144 tr_l2= 787.9180 tr_vat= 0.000015 tr_gat= 0.407514
Epoch: 0190 va_obj= 1.4736 va_acc= 0.7400 va_loss= 0.8753 va_l2= 788.1125 va_vat= 0.000016 va_gat= 0.408302
Epoch: 0190 te_obj= 1.45268 te_acc= 0.73200 te_loss= 0.85447 te_l2= 788.11249 te_vat= 0.000014 te_vat= 0.408302
------- time= 1.17222 ------
Epoch: 0191 tr_obj= 0.9093 tr_acc= 0.9750 tr_loss= 0.3129 tr_l2= 788.1125 tr_vat= 0.000014 tr_gat= 0.404584
Epoch: 0191 va_obj= 1.4719 va_acc= 0.7360 va_loss= 0.8753 va_l2= 788.2583 va_vat= 0.000015 va_gat= 0.404951
Epoch: 0191 te_obj= 1.45092 te_acc= 0.73000 te_loss= 0.85431 te_l2= 788.25830 te_vat= 0.000016 te_vat= 0.404951
------- time= 1.17816 ------
Epoch: 0192 tr_obj= 0.9139 tr_acc= 0.9750 tr_loss= 0.3117 tr_l2= 788.2583 tr_vat= 0.000015 tr_gat= 0.416154
Epoch: 0192 va_obj= 1.4764 va_acc= 0.7360 va_loss= 0.8740 va_l2= 788.2910 va_vat= 0.000015 va_gat= 0.416477
Epoch: 0192 te_obj= 1.45593 te_acc= 0.73100 te_loss= 0.85355 te_l2= 788.29102 te_vat= 0.000015 te_vat= 0.416477
------- time= 1.16111 ------
Epoch: 0193 tr_obj= 0.9116 tr_acc= 0.9750 tr_loss= 0.3109 tr_l2= 788.2910 tr_vat= 0.000015 tr_gat= 0.413126
Epoch: 0193 va_obj= 1.4737 va_acc= 0.7360 va_loss= 0.8727 va_l2= 788.3033 va_vat= 0.000016 va_gat= 0.413737
Epoch: 0193 te_obj= 1.45404 te_acc= 0.73100 te_loss= 0.85302 te_l2= 788.30334 te_vat= 0.000015 te_vat= 0.413737
------- time= 1.14952 ------
Epoch: 0194 tr_obj= 0.9151 tr_acc= 0.9750 tr_loss= 0.3099 tr_l2= 788.3033 tr_vat= 0.000015 tr_gat= 0.422047
Epoch: 0194 va_obj= 1.4768 va_acc= 0.7360 va_loss= 0.8713 va_l2= 788.3569 va_vat= 0.000015 va_gat= 0.422648
Epoch: 0194 te_obj= 1.45744 te_acc= 0.73300 te_loss= 0.85194 te_l2= 788.35687 te_vat= 0.000015 te_vat= 0.422648
------- time= 1.15746 ------
Epoch: 0195 tr_obj= 0.9182 tr_acc= 0.9750 tr_loss= 0.3090 tr_l2= 788.3569 tr_vat= 0.000015 tr_gat= 0.430078
Epoch: 0195 va_obj= 1.4794 va_acc= 0.7380 va_loss= 0.8701 va_l2= 788.2922 va_vat= 0.000013 va_gat= 0.430259
Epoch: 0195 te_obj= 1.46005 te_acc= 0.73300 te_loss= 0.85078 te_l2= 788.29218 te_vat= 0.000015 te_vat= 0.430259
------- time= 1.15638 ------
Epoch: 0196 tr_obj= 0.9140 tr_acc= 0.9750 tr_loss= 0.3086 tr_l2= 788.2922 tr_vat= 0.000016 tr_gat= 0.422673
Epoch: 0196 va_obj= 1.4746 va_acc= 0.7400 va_loss= 0.8691 va_l2= 788.2069 va_vat= 0.000014 va_gat= 0.422741
Epoch: 0196 te_obj= 1.45471 te_acc= 0.73400 te_loss= 0.84924 te_l2= 788.20691 te_vat= 0.000015 te_vat= 0.422741
------- time= 1.15790 ------
Epoch: 0197 tr_obj= 0.9077 tr_acc= 0.9750 tr_loss= 0.3079 tr_l2= 788.2069 tr_vat= 0.000015 tr_gat= 0.411531
Epoch: 0197 va_obj= 1.4684 va_acc= 0.7440 va_loss= 0.8684 va_l2= 788.1554 va_vat= 0.000015 va_gat= 0.411960
Epoch: 0197 te_obj= 1.44755 te_acc= 0.73500 te_loss= 0.84749 te_l2= 788.15540 te_vat= 0.000015 te_vat= 0.411960
------- time= 1.15904 ------
Epoch: 0198 tr_obj= 0.9161 tr_acc= 0.9750 tr_loss= 0.3068 tr_l2= 788.1554 tr_vat= 0.000014 tr_gat= 0.430474
Epoch: 0198 va_obj= 1.4772 va_acc= 0.7440 va_loss= 0.8675 va_l2= 788.4147 va_vat= 0.000014 va_gat= 0.431075
Epoch: 0198 te_obj= 1.45593 te_acc= 0.73400 te_loss= 0.84618 te_l2= 788.41467 te_vat= 0.000016 te_vat= 0.431075
------- time= 1.15228 ------
Epoch: 0199 tr_obj= 0.9052 tr_acc= 0.9750 tr_loss= 0.3059 tr_l2= 788.4147 tr_vat= 0.000015 tr_gat= 0.410274
Epoch: 0199 va_obj= 1.4657 va_acc= 0.7420 va_loss= 0.8660 va_l2= 788.8708 va_vat= 0.000016 va_gat= 0.410678
Epoch: 0199 te_obj= 1.44447 te_acc= 0.73400 te_loss= 0.84469 te_l2= 788.87085 te_vat= 0.000015 te_vat= 0.410678
------- time= 1.15815 ------
Epoch: 0200 tr_obj= 0.9083 tr_acc= 0.9750 tr_loss= 0.3045 tr_l2= 788.8708 tr_vat= 0.000015 tr_gat= 0.418749
Epoch: 0200 va_obj= 1.4684 va_acc= 0.7420 va_loss= 0.8643 va_l2= 789.1544 va_vat= 0.000015 va_gat= 0.419066
Epoch: 0200 te_obj= 1.44785 te_acc= 0.73500 te_loss= 0.84374 te_l2= 789.15442 te_vat= 0.000014 te_vat= 0.419066
------- time= 1.14875 ------
